#
# There is insufficient memory for the Java Runtime Environment to continue.
# Native memory allocation (mmap) failed to map 54525952 bytes for Failed to commit area from 0x0000000711a00000 to 0x0000000714e00000 of length 54525952.
# Possible reasons:
#   The system is out of physical RAM or swap space
#   The process is running with CompressedOops enabled, and the Java Heap may be blocking the growth of the native heap
# Possible solutions:
#   Reduce memory load on the system
#   Increase physical memory or swap space
#   Check if swap backing store is full
#   Decrease Java heap size (-Xmx/-Xms)
#   Decrease number of Java threads
#   Decrease Java thread stack sizes (-Xss)
#   Set larger code cache with -XX:ReservedCodeCacheSize=
#   JVM is running with Zero Based Compressed Oops mode in which the Java heap is
#     placed in the first 32GB address space. The Java Heap base address is the
#     maximum limit for the native heap growth. Please use -XX:HeapBaseMinAddress
#     to set the Java Heap base and to place the Java Heap above 32GB virtual address.
# This output file may be truncated or incomplete.
#
#  Out of Memory Error (./open/src/hotspot/os/windows/os_windows.cpp:3287), pid=24028, tid=24332
#
# JRE version: Java(TM) SE Runtime Environment 18.9 (11.0.16+11) (build 11.0.16+11-LTS-199)
# Java VM: Java HotSpot(TM) 64-Bit Server VM 18.9 (11.0.16+11-LTS-199, mixed mode, tiered, compressed oops, g1 gc, windows-amd64)
# No core dump will be written. Minidumps are not enabled by default on client versions of Windows
#

---------------  S U M M A R Y ------------

Command Line: -Xverify:none -XX:TieredStopAtLevel=1 -Dfile.encoding=windows-1252 -Duser.country=US -Duser.language=en -Duser.variant org.launchcode.techjobs.persistent.JavaWebDevTechjobsPersistentApplication

Host: Intel(R) Core(TM) i7-3770 CPU @ 3.40GHz, 8 cores, 15G,  Windows 10 , 64 bit Build 19041 (10.0.19041.2251)
Time: Mon Nov 21 20:48:50 2022 Central Standard Time elapsed time: 52.742659 seconds (0d 0h 0m 52s)

---------------  T H R E A D  ---------------

Current thread (0x0000016eb3ac2000):  VMThread "VM Thread" [stack: 0x0000003a41d00000,0x0000003a41e00000] [id=24332]

Stack: [0x0000003a41d00000,0x0000003a41e00000]
[error occurred during error reporting (printing stack bounds), id 0xc0000005, EXCEPTION_ACCESS_VIOLATION (0xc0000005) at pc=0x0000016e984e0f2d]

Native frames: (J=compiled Java code, j=interpreted, Vv=VM code, C=native code)
V  [jvm.dll+0x62a3ea]
V  [jvm.dll+0x76418f]
V  [jvm.dll+0x765839]
V  [jvm.dll+0x765e25]
V  [jvm.dll+0x765ddb]
V  [jvm.dll+0x6298d3]
V  [jvm.dll+0x629fe8]
C  [ntdll.dll+0xa241f]
C  [ntdll.dll+0x514a4]
C  [ntdll.dll+0xa0f4e]
C  0x0000016e984e0f2d

VM_Operation (0x0000003a43bf6c00): CollectForMetadataAllocation, mode: safepoint, requested by thread 0x0000016eb84d8000


---------------  P R O C E S S  ---------------

Threads class SMR info:
_java_thread_list=0x0000016eb8961b50, length=29, elements={
0x0000016eb3ac6000, 0x0000016eb3acf800, 0x0000016eb43cb000, 0x0000016eb43cd000,
0x0000016eb43ce000, 0x0000016eb43dc800, 0x0000016eb43de800, 0x0000016eb4509800,
0x0000016eb5fd7000, 0x0000016eb5fd8000, 0x0000016eb5fd9000, 0x0000016eb62e8800,
0x0000016eb6692000, 0x0000016eb84d3000, 0x0000016eb84d5800, 0x0000016eb84d7000,
0x0000016eb84d8000, 0x0000016eb84d2800, 0x0000016eb84d4000, 0x0000016eb84d9000,
0x0000016eb84d4800, 0x0000016eb84d6800, 0x0000016eb8949000, 0x0000016eb8949800,
0x0000016eb894c000, 0x0000016eb8948000, 0x0000016eb8947800, 0x0000016eb894e000,
0x0000016eb894e800
}

Java Threads: ( => current thread )
  0x0000016eb3ac6000 JavaThread "Reference Handler" daemon [_thread_blocked, id=1468, stack(0x0000003a41e00000,0x0000003a41f00000)]
  0x0000016eb3acf800 JavaThread "Finalizer" daemon [_thread_blocked, id=26568, stack(0x0000003a41f00000,0x0000003a42000000)]
  0x0000016eb43cb000 JavaThread "Signal Dispatcher" daemon [_thread_blocked, id=22924, stack(0x0000003a42000000,0x0000003a42100000)]
  0x0000016eb43cd000 JavaThread "Attach Listener" daemon [_thread_blocked, id=20888, stack(0x0000003a42100000,0x0000003a42200000)]
  0x0000016eb43ce000 JavaThread "Service Thread" daemon [_thread_blocked, id=3460, stack(0x0000003a42200000,0x0000003a42300000)]
  0x0000016eb43dc800 JavaThread "C1 CompilerThread0" daemon [_thread_blocked, id=14392, stack(0x0000003a42300000,0x0000003a42400000)]
  0x0000016eb43de800 JavaThread "Sweeper thread" daemon [_thread_blocked, id=16988, stack(0x0000003a42400000,0x0000003a42500000)]
  0x0000016eb4509800 JavaThread "Common-Cleaner" daemon [_thread_blocked, id=30816, stack(0x0000003a42600000,0x0000003a42700000)]
  0x0000016eb5fd7000 JavaThread "Catalina-utility-1" [_thread_blocked, id=24400, stack(0x0000003a42900000,0x0000003a42a00000)]
  0x0000016eb5fd8000 JavaThread "Catalina-utility-2" [_thread_blocked, id=29052, stack(0x0000003a43200000,0x0000003a43300000)]
  0x0000016eb5fd9000 JavaThread "container-0" [_thread_blocked, id=20924, stack(0x0000003a43300000,0x0000003a43400000)]
  0x0000016eb62e8800 JavaThread "mysql-cj-abandoned-connection-cleanup" daemon [_thread_blocked, id=14420, stack(0x0000003a43400000,0x0000003a43500000)]
  0x0000016eb6692000 JavaThread "HikariPool-1 housekeeper" daemon [_thread_blocked, id=7336, stack(0x0000003a43600000,0x0000003a43700000)]
  0x0000016eb84d3000 JavaThread "Live Reload Server" daemon [_thread_in_native, id=27464, stack(0x0000003a43900000,0x0000003a43a00000)]
  0x0000016eb84d5800 JavaThread "File Watcher" daemon [_thread_blocked, id=8704, stack(0x0000003a43800000,0x0000003a43900000)]
  0x0000016eb84d7000 JavaThread "http-nio-8080-BlockPoller" daemon [_thread_in_native, id=15472, stack(0x0000003a43a00000,0x0000003a43b00000)]
  0x0000016eb84d8000 JavaThread "http-nio-8080-exec-1" daemon [_thread_blocked, id=30488, stack(0x0000003a43b00000,0x0000003a43c00000)]
  0x0000016eb84d2800 JavaThread "http-nio-8080-exec-2" daemon [_thread_blocked, id=16060, stack(0x0000003a43c00000,0x0000003a43d00000)]
  0x0000016eb84d4000 JavaThread "http-nio-8080-exec-3" daemon [_thread_blocked, id=29884, stack(0x0000003a43d00000,0x0000003a43e00000)]
  0x0000016eb84d9000 JavaThread "http-nio-8080-exec-4" daemon [_thread_blocked, id=14320, stack(0x0000003a43e00000,0x0000003a43f00000)]
  0x0000016eb84d4800 JavaThread "http-nio-8080-exec-5" daemon [_thread_blocked, id=22368, stack(0x0000003a43f00000,0x0000003a44000000)]
  0x0000016eb84d6800 JavaThread "http-nio-8080-exec-6" daemon [_thread_blocked, id=6632, stack(0x0000003a44000000,0x0000003a44100000)]
  0x0000016eb8949000 JavaThread "http-nio-8080-exec-7" daemon [_thread_blocked, id=10888, stack(0x0000003a44100000,0x0000003a44200000)]
  0x0000016eb8949800 JavaThread "http-nio-8080-exec-8" daemon [_thread_blocked, id=12784, stack(0x0000003a44200000,0x0000003a44300000)]
  0x0000016eb894c000 JavaThread "http-nio-8080-exec-9" daemon [_thread_blocked, id=14772, stack(0x0000003a44300000,0x0000003a44400000)]
  0x0000016eb8948000 JavaThread "http-nio-8080-exec-10" daemon [_thread_blocked, id=6400, stack(0x0000003a44400000,0x0000003a44500000)]
  0x0000016eb8947800 JavaThread "http-nio-8080-ClientPoller" daemon [_thread_in_native, id=9396, stack(0x0000003a44500000,0x0000003a44600000)]
  0x0000016eb894e000 JavaThread "http-nio-8080-Acceptor" daemon [_thread_in_native, id=6268, stack(0x0000003a44600000,0x0000003a44700000)]
  0x0000016eb894e800 JavaThread "DestroyJavaVM" [_thread_blocked, id=5832, stack(0x0000003a41700000,0x0000003a41800000)]

Other Threads:
=>0x0000016eb3ac2000 VMThread "VM Thread" [stack: 0x0000003a41d00000,0x0000003a41e00000] [id=24332]
  0x0000016eb4509000 WatcherThread [stack: 0x0000003a42500000,0x0000003a42600000] [id=13584]
  0x0000016e90e4f000 GCTaskThread "GC Thread#0" [stack: 0x0000003a41800000,0x0000003a41900000] [id=25948]
  0x0000016eb4ec9000 GCTaskThread "GC Thread#1" [stack: 0x0000003a42a00000,0x0000003a42b00000] [id=19348]
  0x0000016eb4eca000 GCTaskThread "GC Thread#2" [stack: 0x0000003a42b00000,0x0000003a42c00000] [id=18456]
  0x0000016eb4ece800 GCTaskThread "GC Thread#3" [stack: 0x0000003a42c00000,0x0000003a42d00000] [id=14688]
  0x0000016eb4ed1000 GCTaskThread "GC Thread#4" [stack: 0x0000003a42d00000,0x0000003a42e00000] [id=14524]
  0x0000016eb4ed2000 GCTaskThread "GC Thread#5" [stack: 0x0000003a42e00000,0x0000003a42f00000] [id=15396]
  0x0000016eb4ed3000 GCTaskThread "GC Thread#6" [stack: 0x0000003a42f00000,0x0000003a43000000] [id=13340]
  0x0000016eb4ed3800 GCTaskThread "GC Thread#7" [stack: 0x0000003a43000000,0x0000003a43100000] [id=24848]
  0x0000016e90eac800 ConcurrentGCThread "G1 Main Marker" [stack: 0x0000003a41900000,0x0000003a41a00000] [id=23692]
  0x0000016e90eae000 ConcurrentGCThread "G1 Conc#0" [stack: 0x0000003a41a00000,0x0000003a41b00000] [id=11524]
  0x0000016eb5a20000 ConcurrentGCThread "G1 Conc#1" [stack: 0x0000003a43100000,0x0000003a43200000] [id=26676]
  0x0000016eb39a0800 ConcurrentGCThread "G1 Refine#0" [stack: 0x0000003a41b00000,0x0000003a41c00000] [id=31700]
  0x0000016eb39a2800 ConcurrentGCThread "G1 Young RemSet Sampling" [stack: 0x0000003a41c00000,0x0000003a41d00000] [id=25448]

Threads with active compile tasks:

VM state:at safepoint (normal execution)

VM Mutex/Monitor currently owned by a thread:  ([mutex/lock_event])
[0x0000016e90e35b80] Threads_lock - owner thread: 0x0000016eb3ac2000
[0x0000016e90e35c10] Heap_lock - owner thread: 0x0000016eb84d8000

Heap address: 0x0000000701a00000, size: 4070 MB, Compressed Oops mode: Zero based, Oop shift amount: 3
Narrow klass base: 0x0000000800000000, Narrow klass shift: 0
Compressed class space size: 1073741824 Address: 0x0000000800000000

Heap:
 garbage-first heap   total 315392K, used 25234K [0x0000000701a00000, 0x0000000800000000)
  region size 1024K, 11 young (11264K), 11 survivors (11264K)
 Metaspace       used 58560K, capacity 60104K, committed 60240K, reserved 1101824K
  class space    used 7768K, capacity 8379K, committed 8448K, reserved 1048576K
Heap Regions: E=young(eden), S=young(survivor), O=old, HS=humongous(starts), HC=humongous(continues), CS=collection set, F=free, A=archive, TAMS=top-at-mark-start (previous, next)
|   0|0x0000000701a00000, 0x0000000701b00000, 0x0000000701b00000|100%|HS|  |TAMS 0x0000000701b00000, 0x0000000701b00000| Complete 
|   1|0x0000000701b00000, 0x0000000701c00000, 0x0000000701c00000|100%| O|  |TAMS 0x0000000701c00000, 0x0000000701c00000| Untracked 
|   2|0x0000000701c00000, 0x0000000701d00000, 0x0000000701d00000|100%| O|  |TAMS 0x0000000701d00000, 0x0000000701d00000| Untracked 
|   3|0x0000000701d00000, 0x0000000701e00000, 0x0000000701e00000|100%| O|  |TAMS 0x0000000701e00000, 0x0000000701e00000| Untracked 
|   4|0x0000000701e00000, 0x0000000701f00000, 0x0000000701f00000|100%| O|  |TAMS 0x0000000701f00000, 0x0000000701f00000| Untracked 
|   5|0x0000000701f00000, 0x0000000702000000, 0x0000000702000000|100%| O|  |TAMS 0x0000000702000000, 0x0000000702000000| Untracked 
|   6|0x0000000702000000, 0x0000000702100000, 0x0000000702100000|100%| O|  |TAMS 0x000000070202a600, 0x0000000702100000| Untracked 
|   7|0x0000000702100000, 0x0000000702200000, 0x0000000702200000|100%| O|  |TAMS 0x0000000702100000, 0x0000000702200000| Untracked 
|   8|0x0000000702200000, 0x0000000702300000, 0x0000000702300000|100%| O|  |TAMS 0x0000000702200000, 0x0000000702300000| Untracked 
|   9|0x0000000702300000, 0x0000000702400000, 0x0000000702400000|100%| O|  |TAMS 0x0000000702300000, 0x0000000702400000| Untracked 
|  10|0x0000000702400000, 0x0000000702500000, 0x0000000702500000|100%| O|  |TAMS 0x0000000702400000, 0x0000000702500000| Untracked 
|  11|0x0000000702500000, 0x0000000702600000, 0x0000000702600000|100%| O|  |TAMS 0x0000000702500000, 0x0000000702600000| Untracked 
|  12|0x0000000702600000, 0x0000000702700000, 0x0000000702700000|100%| O|  |TAMS 0x0000000702600000, 0x0000000702700000| Untracked 
|  13|0x0000000702700000, 0x00000007027ef800, 0x0000000702800000| 93%| O|  |TAMS 0x0000000702700000, 0x00000007027ef800| Untracked 
|  14|0x0000000702800000, 0x0000000702800000, 0x0000000702900000|  0%| F|  |TAMS 0x0000000702800000, 0x0000000702800000| Untracked 
|  15|0x0000000702900000, 0x0000000702900000, 0x0000000702a00000|  0%| F|  |TAMS 0x0000000702900000, 0x0000000702900000| Untracked 
|  16|0x0000000702a00000, 0x0000000702a00000, 0x0000000702b00000|  0%| F|  |TAMS 0x0000000702a00000, 0x0000000702a00000| Untracked 
|  17|0x0000000702b00000, 0x0000000702b00000, 0x0000000702c00000|  0%| F|  |TAMS 0x0000000702b00000, 0x0000000702b00000| Untracked 
|  18|0x0000000702c00000, 0x0000000702c00000, 0x0000000702d00000|  0%| F|  |TAMS 0x0000000702c00000, 0x0000000702c00000| Untracked 
|  19|0x0000000702d00000, 0x0000000702d00000, 0x0000000702e00000|  0%| F|  |TAMS 0x0000000702d00000, 0x0000000702d00000| Untracked 
|  20|0x0000000702e00000, 0x0000000702e00000, 0x0000000702f00000|  0%| F|  |TAMS 0x0000000702e00000, 0x0000000702e00000| Untracked 
|  21|0x0000000702f00000, 0x0000000702f00000, 0x0000000703000000|  0%| F|  |TAMS 0x0000000702f00000, 0x0000000702f00000| Untracked 
|  22|0x0000000703000000, 0x0000000703000000, 0x0000000703100000|  0%| F|  |TAMS 0x0000000703000000, 0x0000000703000000| Untracked 
|  23|0x0000000703100000, 0x0000000703100000, 0x0000000703200000|  0%| F|  |TAMS 0x0000000703100000, 0x0000000703100000| Untracked 
|  24|0x0000000703200000, 0x0000000703200000, 0x0000000703300000|  0%| F|  |TAMS 0x0000000703200000, 0x0000000703200000| Untracked 
|  25|0x0000000703300000, 0x0000000703300000, 0x0000000703400000|  0%| F|  |TAMS 0x0000000703300000, 0x0000000703300000| Untracked 
|  26|0x0000000703400000, 0x0000000703400000, 0x0000000703500000|  0%| F|  |TAMS 0x0000000703400000, 0x0000000703400000| Untracked 
|  27|0x0000000703500000, 0x0000000703500000, 0x0000000703600000|  0%| F|  |TAMS 0x0000000703500000, 0x0000000703500000| Untracked 
|  28|0x0000000703600000, 0x0000000703600000, 0x0000000703700000|  0%| F|  |TAMS 0x0000000703600000, 0x0000000703600000| Untracked 
|  29|0x0000000703700000, 0x0000000703700000, 0x0000000703800000|  0%| F|  |TAMS 0x0000000703700000, 0x0000000703700000| Untracked 
|  30|0x0000000703800000, 0x0000000703800000, 0x0000000703900000|  0%| F|  |TAMS 0x0000000703800000, 0x0000000703800000| Untracked 
|  31|0x0000000703900000, 0x0000000703900000, 0x0000000703a00000|  0%| F|  |TAMS 0x0000000703900000, 0x0000000703900000| Untracked 
|  32|0x0000000703a00000, 0x0000000703a00000, 0x0000000703b00000|  0%| F|  |TAMS 0x0000000703a00000, 0x0000000703a00000| Untracked 
|  33|0x0000000703b00000, 0x0000000703b00000, 0x0000000703c00000|  0%| F|  |TAMS 0x0000000703b00000, 0x0000000703b00000| Untracked 
|  34|0x0000000703c00000, 0x0000000703c00000, 0x0000000703d00000|  0%| F|  |TAMS 0x0000000703c00000, 0x0000000703c00000| Untracked 
|  35|0x0000000703d00000, 0x0000000703d00000, 0x0000000703e00000|  0%| F|  |TAMS 0x0000000703d00000, 0x0000000703d00000| Untracked 
|  36|0x0000000703e00000, 0x0000000703e00000, 0x0000000703f00000|  0%| F|  |TAMS 0x0000000703e00000, 0x0000000703e00000| Untracked 
|  37|0x0000000703f00000, 0x0000000703f00000, 0x0000000704000000|  0%| F|  |TAMS 0x0000000703f00000, 0x0000000703f00000| Untracked 
|  38|0x0000000704000000, 0x0000000704000000, 0x0000000704100000|  0%| F|  |TAMS 0x0000000704000000, 0x0000000704000000| Untracked 
|  39|0x0000000704100000, 0x0000000704100000, 0x0000000704200000|  0%| F|  |TAMS 0x0000000704100000, 0x0000000704100000| Untracked 
|  40|0x0000000704200000, 0x0000000704200000, 0x0000000704300000|  0%| F|  |TAMS 0x0000000704200000, 0x0000000704200000| Untracked 
|  41|0x0000000704300000, 0x0000000704300000, 0x0000000704400000|  0%| F|  |TAMS 0x0000000704300000, 0x0000000704300000| Untracked 
|  42|0x0000000704400000, 0x0000000704400000, 0x0000000704500000|  0%| F|  |TAMS 0x0000000704400000, 0x0000000704400000| Untracked 
|  43|0x0000000704500000, 0x0000000704500000, 0x0000000704600000|  0%| F|  |TAMS 0x0000000704500000, 0x0000000704500000| Untracked 
|  44|0x0000000704600000, 0x0000000704600000, 0x0000000704700000|  0%| F|  |TAMS 0x0000000704600000, 0x0000000704600000| Untracked 
|  45|0x0000000704700000, 0x0000000704700000, 0x0000000704800000|  0%| F|  |TAMS 0x0000000704700000, 0x0000000704700000| Untracked 
|  46|0x0000000704800000, 0x0000000704800000, 0x0000000704900000|  0%| F|  |TAMS 0x0000000704800000, 0x0000000704800000| Untracked 
|  47|0x0000000704900000, 0x0000000704900000, 0x0000000704a00000|  0%| F|  |TAMS 0x0000000704900000, 0x0000000704900000| Untracked 
|  48|0x0000000704a00000, 0x0000000704a00000, 0x0000000704b00000|  0%| F|  |TAMS 0x0000000704a00000, 0x0000000704a00000| Untracked 
|  49|0x0000000704b00000, 0x0000000704b00000, 0x0000000704c00000|  0%| F|  |TAMS 0x0000000704b00000, 0x0000000704b00000| Untracked 
|  50|0x0000000704c00000, 0x0000000704c00000, 0x0000000704d00000|  0%| F|  |TAMS 0x0000000704c00000, 0x0000000704c00000| Untracked 
|  51|0x0000000704d00000, 0x0000000704d00000, 0x0000000704e00000|  0%| F|  |TAMS 0x0000000704d00000, 0x0000000704d00000| Untracked 
|  52|0x0000000704e00000, 0x0000000704e00000, 0x0000000704f00000|  0%| F|  |TAMS 0x0000000704e00000, 0x0000000704e00000| Untracked 
|  53|0x0000000704f00000, 0x0000000704f00000, 0x0000000705000000|  0%| F|  |TAMS 0x0000000704f00000, 0x0000000704f00000| Untracked 
|  54|0x0000000705000000, 0x0000000705000000, 0x0000000705100000|  0%| F|  |TAMS 0x0000000705000000, 0x0000000705000000| Untracked 
|  55|0x0000000705100000, 0x0000000705100000, 0x0000000705200000|  0%| F|  |TAMS 0x0000000705100000, 0x0000000705100000| Untracked 
|  56|0x0000000705200000, 0x0000000705200000, 0x0000000705300000|  0%| F|  |TAMS 0x0000000705200000, 0x0000000705200000| Untracked 
|  57|0x0000000705300000, 0x0000000705300000, 0x0000000705400000|  0%| F|  |TAMS 0x0000000705300000, 0x0000000705300000| Untracked 
|  58|0x0000000705400000, 0x0000000705400000, 0x0000000705500000|  0%| F|  |TAMS 0x0000000705400000, 0x0000000705400000| Untracked 
|  59|0x0000000705500000, 0x0000000705500000, 0x0000000705600000|  0%| F|  |TAMS 0x0000000705500000, 0x0000000705500000| Untracked 
|  60|0x0000000705600000, 0x0000000705600000, 0x0000000705700000|  0%| F|  |TAMS 0x0000000705600000, 0x0000000705600000| Untracked 
|  61|0x0000000705700000, 0x0000000705700000, 0x0000000705800000|  0%| F|  |TAMS 0x0000000705700000, 0x0000000705700000| Untracked 
|  62|0x0000000705800000, 0x0000000705800000, 0x0000000705900000|  0%| F|  |TAMS 0x0000000705800000, 0x0000000705800000| Untracked 
|  63|0x0000000705900000, 0x0000000705900000, 0x0000000705a00000|  0%| F|  |TAMS 0x0000000705900000, 0x0000000705900000| Untracked 
|  64|0x0000000705a00000, 0x0000000705a00000, 0x0000000705b00000|  0%| F|  |TAMS 0x0000000705a00000, 0x0000000705a00000| Untracked 
|  65|0x0000000705b00000, 0x0000000705b00000, 0x0000000705c00000|  0%| F|  |TAMS 0x0000000705b00000, 0x0000000705b00000| Untracked 
|  66|0x0000000705c00000, 0x0000000705c00000, 0x0000000705d00000|  0%| F|  |TAMS 0x0000000705c00000, 0x0000000705c00000| Untracked 
|  67|0x0000000705d00000, 0x0000000705d00000, 0x0000000705e00000|  0%| F|  |TAMS 0x0000000705d00000, 0x0000000705d00000| Untracked 
|  68|0x0000000705e00000, 0x0000000705e00000, 0x0000000705f00000|  0%| F|  |TAMS 0x0000000705e00000, 0x0000000705e00000| Untracked 
|  69|0x0000000705f00000, 0x0000000705f00000, 0x0000000706000000|  0%| F|  |TAMS 0x0000000705f00000, 0x0000000705f00000| Untracked 
|  70|0x0000000706000000, 0x0000000706000000, 0x0000000706100000|  0%| F|  |TAMS 0x0000000706000000, 0x0000000706000000| Untracked 
|  71|0x0000000706100000, 0x0000000706100000, 0x0000000706200000|  0%| F|  |TAMS 0x0000000706100000, 0x0000000706100000| Untracked 
|  72|0x0000000706200000, 0x0000000706200000, 0x0000000706300000|  0%| F|  |TAMS 0x0000000706200000, 0x0000000706200000| Untracked 
|  73|0x0000000706300000, 0x0000000706300000, 0x0000000706400000|  0%| F|  |TAMS 0x0000000706300000, 0x0000000706300000| Untracked 
|  74|0x0000000706400000, 0x0000000706400000, 0x0000000706500000|  0%| F|  |TAMS 0x0000000706400000, 0x0000000706400000| Untracked 
|  75|0x0000000706500000, 0x0000000706500000, 0x0000000706600000|  0%| F|  |TAMS 0x0000000706500000, 0x0000000706500000| Untracked 
|  76|0x0000000706600000, 0x0000000706600000, 0x0000000706700000|  0%| F|  |TAMS 0x0000000706600000, 0x0000000706600000| Untracked 
|  77|0x0000000706700000, 0x0000000706700000, 0x0000000706800000|  0%| F|  |TAMS 0x0000000706700000, 0x0000000706700000| Untracked 
|  78|0x0000000706800000, 0x0000000706800000, 0x0000000706900000|  0%| F|  |TAMS 0x0000000706800000, 0x0000000706800000| Untracked 
|  79|0x0000000706900000, 0x0000000706900000, 0x0000000706a00000|  0%| F|  |TAMS 0x0000000706900000, 0x0000000706900000| Untracked 
|  80|0x0000000706a00000, 0x0000000706a00000, 0x0000000706b00000|  0%| F|  |TAMS 0x0000000706a00000, 0x0000000706a00000| Untracked 
|  81|0x0000000706b00000, 0x0000000706b00000, 0x0000000706c00000|  0%| F|  |TAMS 0x0000000706b00000, 0x0000000706b00000| Untracked 
|  82|0x0000000706c00000, 0x0000000706c00000, 0x0000000706d00000|  0%| F|  |TAMS 0x0000000706c00000, 0x0000000706c00000| Untracked 
|  83|0x0000000706d00000, 0x0000000706d00000, 0x0000000706e00000|  0%| F|  |TAMS 0x0000000706d00000, 0x0000000706d00000| Untracked 
|  84|0x0000000706e00000, 0x0000000706e00000, 0x0000000706f00000|  0%| F|  |TAMS 0x0000000706e00000, 0x0000000706e00000| Untracked 
|  85|0x0000000706f00000, 0x0000000706f00000, 0x0000000707000000|  0%| F|  |TAMS 0x0000000706f00000, 0x0000000706f00000| Untracked 
|  86|0x0000000707000000, 0x0000000707000000, 0x0000000707100000|  0%| F|  |TAMS 0x0000000707000000, 0x0000000707000000| Untracked 
|  87|0x0000000707100000, 0x0000000707100000, 0x0000000707200000|  0%| F|  |TAMS 0x0000000707100000, 0x0000000707100000| Untracked 
|  88|0x0000000707200000, 0x0000000707200000, 0x0000000707300000|  0%| F|  |TAMS 0x0000000707200000, 0x0000000707200000| Untracked 
|  89|0x0000000707300000, 0x0000000707300000, 0x0000000707400000|  0%| F|  |TAMS 0x0000000707300000, 0x0000000707300000| Untracked 
|  90|0x0000000707400000, 0x0000000707400000, 0x0000000707500000|  0%| F|  |TAMS 0x0000000707400000, 0x0000000707400000| Untracked 
|  91|0x0000000707500000, 0x0000000707500000, 0x0000000707600000|  0%| F|  |TAMS 0x0000000707500000, 0x0000000707500000| Untracked 
|  92|0x0000000707600000, 0x0000000707600000, 0x0000000707700000|  0%| F|  |TAMS 0x0000000707600000, 0x0000000707600000| Untracked 
|  93|0x0000000707700000, 0x0000000707700000, 0x0000000707800000|  0%| F|  |TAMS 0x0000000707700000, 0x0000000707700000| Untracked 
|  94|0x0000000707800000, 0x0000000707800000, 0x0000000707900000|  0%| F|  |TAMS 0x0000000707800000, 0x0000000707800000| Untracked 
|  95|0x0000000707900000, 0x0000000707900000, 0x0000000707a00000|  0%| F|  |TAMS 0x0000000707900000, 0x0000000707900000| Untracked 
|  96|0x0000000707a00000, 0x0000000707a00000, 0x0000000707b00000|  0%| F|  |TAMS 0x0000000707a00000, 0x0000000707a00000| Untracked 
|  97|0x0000000707b00000, 0x0000000707b00000, 0x0000000707c00000|  0%| F|  |TAMS 0x0000000707b00000, 0x0000000707b00000| Untracked 
|  98|0x0000000707c00000, 0x0000000707c00000, 0x0000000707d00000|  0%| F|  |TAMS 0x0000000707c00000, 0x0000000707c00000| Untracked 
|  99|0x0000000707d00000, 0x0000000707d00000, 0x0000000707e00000|  0%| F|  |TAMS 0x0000000707d00000, 0x0000000707d00000| Untracked 
| 100|0x0000000707e00000, 0x0000000707e00000, 0x0000000707f00000|  0%| F|  |TAMS 0x0000000707e00000, 0x0000000707e00000| Untracked 
| 101|0x0000000707f00000, 0x0000000707f00000, 0x0000000708000000|  0%| F|  |TAMS 0x0000000707f00000, 0x0000000707f00000| Untracked 
| 102|0x0000000708000000, 0x0000000708000000, 0x0000000708100000|  0%| F|  |TAMS 0x0000000708000000, 0x0000000708000000| Untracked 
| 103|0x0000000708100000, 0x0000000708100000, 0x0000000708200000|  0%| F|  |TAMS 0x0000000708100000, 0x0000000708100000| Untracked 
| 104|0x0000000708200000, 0x0000000708200000, 0x0000000708300000|  0%| F|  |TAMS 0x0000000708200000, 0x0000000708200000| Untracked 
| 105|0x0000000708300000, 0x0000000708300000, 0x0000000708400000|  0%| F|  |TAMS 0x0000000708300000, 0x0000000708300000| Untracked 
| 106|0x0000000708400000, 0x0000000708400000, 0x0000000708500000|  0%| F|  |TAMS 0x0000000708400000, 0x0000000708400000| Untracked 
| 107|0x0000000708500000, 0x0000000708500000, 0x0000000708600000|  0%| F|  |TAMS 0x0000000708500000, 0x0000000708500000| Untracked 
| 108|0x0000000708600000, 0x0000000708600000, 0x0000000708700000|  0%| F|  |TAMS 0x0000000708600000, 0x0000000708600000| Untracked 
| 109|0x0000000708700000, 0x0000000708700000, 0x0000000708800000|  0%| F|  |TAMS 0x0000000708700000, 0x0000000708700000| Untracked 
| 110|0x0000000708800000, 0x0000000708800000, 0x0000000708900000|  0%| F|  |TAMS 0x0000000708800000, 0x0000000708800000| Untracked 
| 111|0x0000000708900000, 0x0000000708900000, 0x0000000708a00000|  0%| F|  |TAMS 0x0000000708900000, 0x0000000708900000| Untracked 
| 112|0x0000000708a00000, 0x0000000708a00000, 0x0000000708b00000|  0%| F|  |TAMS 0x0000000708a00000, 0x0000000708a00000| Untracked 
| 113|0x0000000708b00000, 0x0000000708b00000, 0x0000000708c00000|  0%| F|  |TAMS 0x0000000708b00000, 0x0000000708b00000| Untracked 
| 114|0x0000000708c00000, 0x0000000708c00000, 0x0000000708d00000|  0%| F|  |TAMS 0x0000000708c00000, 0x0000000708c00000| Untracked 
| 115|0x0000000708d00000, 0x0000000708d00000, 0x0000000708e00000|  0%| F|  |TAMS 0x0000000708d00000, 0x0000000708d00000| Untracked 
| 116|0x0000000708e00000, 0x0000000708e00000, 0x0000000708f00000|  0%| F|  |TAMS 0x0000000708e00000, 0x0000000708e00000| Untracked 
| 117|0x0000000708f00000, 0x0000000708f00000, 0x0000000709000000|  0%| F|  |TAMS 0x0000000708f00000, 0x0000000708f00000| Untracked 
| 118|0x0000000709000000, 0x0000000709000000, 0x0000000709100000|  0%| F|  |TAMS 0x0000000709000000, 0x0000000709000000| Untracked 
| 119|0x0000000709100000, 0x0000000709100000, 0x0000000709200000|  0%| F|  |TAMS 0x0000000709100000, 0x0000000709100000| Untracked 
| 120|0x0000000709200000, 0x0000000709200000, 0x0000000709300000|  0%| F|  |TAMS 0x0000000709200000, 0x0000000709200000| Untracked 
| 121|0x0000000709300000, 0x0000000709300000, 0x0000000709400000|  0%| F|  |TAMS 0x0000000709300000, 0x0000000709300000| Untracked 
| 122|0x0000000709400000, 0x0000000709400000, 0x0000000709500000|  0%| F|  |TAMS 0x0000000709400000, 0x0000000709400000| Untracked 
| 123|0x0000000709500000, 0x0000000709500000, 0x0000000709600000|  0%| F|  |TAMS 0x0000000709500000, 0x0000000709500000| Untracked 
| 124|0x0000000709600000, 0x0000000709600000, 0x0000000709700000|  0%| F|  |TAMS 0x0000000709600000, 0x0000000709600000| Untracked 
| 125|0x0000000709700000, 0x0000000709700000, 0x0000000709800000|  0%| F|  |TAMS 0x0000000709700000, 0x0000000709700000| Untracked 
| 126|0x0000000709800000, 0x0000000709800000, 0x0000000709900000|  0%| F|  |TAMS 0x0000000709800000, 0x0000000709800000| Untracked 
| 127|0x0000000709900000, 0x0000000709900000, 0x0000000709a00000|  0%| F|  |TAMS 0x0000000709900000, 0x0000000709900000| Untracked 
| 128|0x0000000709a00000, 0x0000000709a00000, 0x0000000709b00000|  0%| F|  |TAMS 0x0000000709a00000, 0x0000000709a00000| Untracked 
| 129|0x0000000709b00000, 0x0000000709b00000, 0x0000000709c00000|  0%| F|  |TAMS 0x0000000709b00000, 0x0000000709b00000| Untracked 
| 130|0x0000000709c00000, 0x0000000709c00000, 0x0000000709d00000|  0%| F|  |TAMS 0x0000000709c00000, 0x0000000709c00000| Untracked 
| 131|0x0000000709d00000, 0x0000000709d00000, 0x0000000709e00000|  0%| F|  |TAMS 0x0000000709d00000, 0x0000000709d00000| Untracked 
| 132|0x0000000709e00000, 0x0000000709e00000, 0x0000000709f00000|  0%| F|  |TAMS 0x0000000709e00000, 0x0000000709e00000| Untracked 
| 133|0x0000000709f00000, 0x0000000709f00000, 0x000000070a000000|  0%| F|  |TAMS 0x0000000709f00000, 0x0000000709f00000| Untracked 
| 134|0x000000070a000000, 0x000000070a000000, 0x000000070a100000|  0%| F|  |TAMS 0x000000070a000000, 0x000000070a000000| Untracked 
| 135|0x000000070a100000, 0x000000070a100000, 0x000000070a200000|  0%| F|  |TAMS 0x000000070a100000, 0x000000070a100000| Untracked 
| 136|0x000000070a200000, 0x000000070a200000, 0x000000070a300000|  0%| F|  |TAMS 0x000000070a200000, 0x000000070a200000| Untracked 
| 137|0x000000070a300000, 0x000000070a300000, 0x000000070a400000|  0%| F|  |TAMS 0x000000070a300000, 0x000000070a300000| Untracked 
| 138|0x000000070a400000, 0x000000070a400000, 0x000000070a500000|  0%| F|  |TAMS 0x000000070a400000, 0x000000070a400000| Untracked 
| 139|0x000000070a500000, 0x000000070a500000, 0x000000070a600000|  0%| F|  |TAMS 0x000000070a500000, 0x000000070a500000| Untracked 
| 140|0x000000070a600000, 0x000000070a600000, 0x000000070a700000|  0%| F|  |TAMS 0x000000070a600000, 0x000000070a600000| Untracked 
| 141|0x000000070a700000, 0x000000070a700000, 0x000000070a800000|  0%| F|  |TAMS 0x000000070a700000, 0x000000070a700000| Untracked 
| 142|0x000000070a800000, 0x000000070a800000, 0x000000070a900000|  0%| F|  |TAMS 0x000000070a800000, 0x000000070a800000| Untracked 
| 143|0x000000070a900000, 0x000000070a900000, 0x000000070aa00000|  0%| F|  |TAMS 0x000000070a900000, 0x000000070a900000| Untracked 
| 144|0x000000070aa00000, 0x000000070aa00000, 0x000000070ab00000|  0%| F|  |TAMS 0x000000070aa00000, 0x000000070aa00000| Untracked 
| 145|0x000000070ab00000, 0x000000070ab00000, 0x000000070ac00000|  0%| F|  |TAMS 0x000000070ab00000, 0x000000070ab00000| Untracked 
| 146|0x000000070ac00000, 0x000000070ac00000, 0x000000070ad00000|  0%| F|  |TAMS 0x000000070ac00000, 0x000000070ac00000| Untracked 
| 147|0x000000070ad00000, 0x000000070ad00000, 0x000000070ae00000|  0%| F|  |TAMS 0x000000070ad00000, 0x000000070ad00000| Untracked 
| 148|0x000000070ae00000, 0x000000070ae00000, 0x000000070af00000|  0%| F|  |TAMS 0x000000070ae00000, 0x000000070ae00000| Untracked 
| 149|0x000000070af00000, 0x000000070af00000, 0x000000070b000000|  0%| F|  |TAMS 0x000000070af00000, 0x000000070af00000| Untracked 
| 150|0x000000070b000000, 0x000000070b000000, 0x000000070b100000|  0%| F|  |TAMS 0x000000070b000000, 0x000000070b000000| Untracked 
| 151|0x000000070b100000, 0x000000070b100000, 0x000000070b200000|  0%| F|  |TAMS 0x000000070b100000, 0x000000070b100000| Untracked 
| 152|0x000000070b200000, 0x000000070b200000, 0x000000070b300000|  0%| F|  |TAMS 0x000000070b200000, 0x000000070b200000| Untracked 
| 153|0x000000070b300000, 0x000000070b300000, 0x000000070b400000|  0%| F|  |TAMS 0x000000070b300000, 0x000000070b300000| Untracked 
| 154|0x000000070b400000, 0x000000070b400000, 0x000000070b500000|  0%| F|  |TAMS 0x000000070b400000, 0x000000070b400000| Untracked 
| 155|0x000000070b500000, 0x000000070b500000, 0x000000070b600000|  0%| F|  |TAMS 0x000000070b500000, 0x000000070b500000| Untracked 
| 156|0x000000070b600000, 0x000000070b600000, 0x000000070b700000|  0%| F|  |TAMS 0x000000070b600000, 0x000000070b600000| Untracked 
| 157|0x000000070b700000, 0x000000070b700000, 0x000000070b800000|  0%| F|  |TAMS 0x000000070b700000, 0x000000070b700000| Untracked 
| 158|0x000000070b800000, 0x000000070b800000, 0x000000070b900000|  0%| F|  |TAMS 0x000000070b800000, 0x000000070b800000| Untracked 
| 159|0x000000070b900000, 0x000000070b900000, 0x000000070ba00000|  0%| F|  |TAMS 0x000000070b900000, 0x000000070b900000| Untracked 
| 160|0x000000070ba00000, 0x000000070ba00000, 0x000000070bb00000|  0%| F|  |TAMS 0x000000070ba00000, 0x000000070ba00000| Untracked 
| 161|0x000000070bb00000, 0x000000070bb00000, 0x000000070bc00000|  0%| F|  |TAMS 0x000000070bb00000, 0x000000070bb00000| Untracked 
| 162|0x000000070bc00000, 0x000000070bc00000, 0x000000070bd00000|  0%| F|  |TAMS 0x000000070bc00000, 0x000000070bc00000| Untracked 
| 163|0x000000070bd00000, 0x000000070bd00000, 0x000000070be00000|  0%| F|  |TAMS 0x000000070bd00000, 0x000000070bd00000| Untracked 
| 164|0x000000070be00000, 0x000000070be00000, 0x000000070bf00000|  0%| F|  |TAMS 0x000000070be00000, 0x000000070be00000| Untracked 
| 165|0x000000070bf00000, 0x000000070bf00000, 0x000000070c000000|  0%| F|  |TAMS 0x000000070bf00000, 0x000000070bf00000| Untracked 
| 166|0x000000070c000000, 0x000000070c000000, 0x000000070c100000|  0%| F|  |TAMS 0x000000070c000000, 0x000000070c000000| Untracked 
| 167|0x000000070c100000, 0x000000070c100000, 0x000000070c200000|  0%| F|  |TAMS 0x000000070c100000, 0x000000070c100000| Untracked 
| 168|0x000000070c200000, 0x000000070c200000, 0x000000070c300000|  0%| F|  |TAMS 0x000000070c200000, 0x000000070c200000| Untracked 
| 169|0x000000070c300000, 0x000000070c300000, 0x000000070c400000|  0%| F|  |TAMS 0x000000070c300000, 0x000000070c300000| Untracked 
| 170|0x000000070c400000, 0x000000070c400000, 0x000000070c500000|  0%| F|  |TAMS 0x000000070c400000, 0x000000070c400000| Untracked 
| 171|0x000000070c500000, 0x000000070c500000, 0x000000070c600000|  0%| F|  |TAMS 0x000000070c500000, 0x000000070c500000| Untracked 
| 172|0x000000070c600000, 0x000000070c600000, 0x000000070c700000|  0%| F|  |TAMS 0x000000070c600000, 0x000000070c600000| Untracked 
| 173|0x000000070c700000, 0x000000070c700000, 0x000000070c800000|  0%| F|  |TAMS 0x000000070c700000, 0x000000070c700000| Untracked 
| 174|0x000000070c800000, 0x000000070c800000, 0x000000070c900000|  0%| F|  |TAMS 0x000000070c800000, 0x000000070c800000| Untracked 
| 175|0x000000070c900000, 0x000000070c900000, 0x000000070ca00000|  0%| F|  |TAMS 0x000000070c900000, 0x000000070c900000| Untracked 
| 176|0x000000070ca00000, 0x000000070ca00000, 0x000000070cb00000|  0%| F|  |TAMS 0x000000070ca00000, 0x000000070ca00000| Untracked 
| 177|0x000000070cb00000, 0x000000070cb00000, 0x000000070cc00000|  0%| F|  |TAMS 0x000000070cb00000, 0x000000070cb00000| Untracked 
| 178|0x000000070cc00000, 0x000000070cc00000, 0x000000070cd00000|  0%| F|  |TAMS 0x000000070cc00000, 0x000000070cc00000| Untracked 
| 179|0x000000070cd00000, 0x000000070cd00000, 0x000000070ce00000|  0%| F|  |TAMS 0x000000070cd00000, 0x000000070cd00000| Untracked 
| 180|0x000000070ce00000, 0x000000070ce00000, 0x000000070cf00000|  0%| F|  |TAMS 0x000000070ce00000, 0x000000070ce00000| Untracked 
| 181|0x000000070cf00000, 0x000000070cf00000, 0x000000070d000000|  0%| F|  |TAMS 0x000000070cf00000, 0x000000070cf00000| Untracked 
| 182|0x000000070d000000, 0x000000070d000000, 0x000000070d100000|  0%| F|  |TAMS 0x000000070d000000, 0x000000070d000000| Untracked 
| 183|0x000000070d100000, 0x000000070d100000, 0x000000070d200000|  0%| F|  |TAMS 0x000000070d100000, 0x000000070d100000| Untracked 
| 184|0x000000070d200000, 0x000000070d200000, 0x000000070d300000|  0%| F|  |TAMS 0x000000070d200000, 0x000000070d200000| Untracked 
| 185|0x000000070d300000, 0x000000070d300000, 0x000000070d400000|  0%| F|  |TAMS 0x000000070d300000, 0x000000070d300000| Untracked 
| 186|0x000000070d400000, 0x000000070d400000, 0x000000070d500000|  0%| F|  |TAMS 0x000000070d400000, 0x000000070d400000| Untracked 
| 187|0x000000070d500000, 0x000000070d500000, 0x000000070d600000|  0%| F|  |TAMS 0x000000070d500000, 0x000000070d500000| Untracked 
| 188|0x000000070d600000, 0x000000070d600000, 0x000000070d700000|  0%| F|  |TAMS 0x000000070d600000, 0x000000070d600000| Untracked 
| 189|0x000000070d700000, 0x000000070d700000, 0x000000070d800000|  0%| F|  |TAMS 0x000000070d700000, 0x000000070d700000| Untracked 
| 190|0x000000070d800000, 0x000000070d800000, 0x000000070d900000|  0%| F|  |TAMS 0x000000070d800000, 0x000000070d800000| Untracked 
| 191|0x000000070d900000, 0x000000070d900000, 0x000000070da00000|  0%| F|  |TAMS 0x000000070d900000, 0x000000070d900000| Untracked 
| 192|0x000000070da00000, 0x000000070da00000, 0x000000070db00000|  0%| F|  |TAMS 0x000000070da00000, 0x000000070da00000| Untracked 
| 193|0x000000070db00000, 0x000000070db00000, 0x000000070dc00000|  0%| F|  |TAMS 0x000000070db00000, 0x000000070db00000| Untracked 
| 194|0x000000070dc00000, 0x000000070dc00000, 0x000000070dd00000|  0%| F|  |TAMS 0x000000070dc00000, 0x000000070dc00000| Untracked 
| 195|0x000000070dd00000, 0x000000070dd00000, 0x000000070de00000|  0%| F|  |TAMS 0x000000070dd00000, 0x000000070dd00000| Untracked 
| 196|0x000000070de00000, 0x000000070de00000, 0x000000070df00000|  0%| F|  |TAMS 0x000000070de00000, 0x000000070de00000| Untracked 
| 197|0x000000070df00000, 0x000000070df00000, 0x000000070e000000|  0%| F|  |TAMS 0x000000070df00000, 0x000000070df00000| Untracked 
| 198|0x000000070e000000, 0x000000070e000000, 0x000000070e100000|  0%| F|  |TAMS 0x000000070e000000, 0x000000070e000000| Untracked 
| 199|0x000000070e100000, 0x000000070e100000, 0x000000070e200000|  0%| F|  |TAMS 0x000000070e100000, 0x000000070e100000| Untracked 
| 200|0x000000070e200000, 0x000000070e200000, 0x000000070e300000|  0%| F|  |TAMS 0x000000070e200000, 0x000000070e200000| Untracked 
| 201|0x000000070e300000, 0x000000070e300000, 0x000000070e400000|  0%| F|  |TAMS 0x000000070e300000, 0x000000070e300000| Untracked 
| 202|0x000000070e400000, 0x000000070e400000, 0x000000070e500000|  0%| F|  |TAMS 0x000000070e400000, 0x000000070e400000| Untracked 
| 203|0x000000070e500000, 0x000000070e500000, 0x000000070e600000|  0%| F|  |TAMS 0x000000070e500000, 0x000000070e500000| Untracked 
| 204|0x000000070e600000, 0x000000070e600000, 0x000000070e700000|  0%| F|  |TAMS 0x000000070e600000, 0x000000070e600000| Untracked 
| 205|0x000000070e700000, 0x000000070e700000, 0x000000070e800000|  0%| F|  |TAMS 0x000000070e700000, 0x000000070e700000| Untracked 
| 206|0x000000070e800000, 0x000000070e800000, 0x000000070e900000|  0%| F|  |TAMS 0x000000070e800000, 0x000000070e800000| Untracked 
| 207|0x000000070e900000, 0x000000070e900000, 0x000000070ea00000|  0%| F|  |TAMS 0x000000070e900000, 0x000000070e900000| Untracked 
| 208|0x000000070ea00000, 0x000000070ea00000, 0x000000070eb00000|  0%| F|  |TAMS 0x000000070ea00000, 0x000000070ea00000| Untracked 
| 209|0x000000070eb00000, 0x000000070eb00000, 0x000000070ec00000|  0%| F|  |TAMS 0x000000070eb00000, 0x000000070eb00000| Untracked 
| 210|0x000000070ec00000, 0x000000070ec00000, 0x000000070ed00000|  0%| F|  |TAMS 0x000000070ec00000, 0x000000070ec00000| Untracked 
| 211|0x000000070ed00000, 0x000000070ed00000, 0x000000070ee00000|  0%| F|  |TAMS 0x000000070ed00000, 0x000000070ed00000| Untracked 
| 212|0x000000070ee00000, 0x000000070ee00000, 0x000000070ef00000|  0%| F|  |TAMS 0x000000070ee00000, 0x000000070ee00000| Untracked 
| 213|0x000000070ef00000, 0x000000070ef00000, 0x000000070f000000|  0%| F|  |TAMS 0x000000070ef00000, 0x000000070ef00000| Untracked 
| 214|0x000000070f000000, 0x000000070f000000, 0x000000070f100000|  0%| F|  |TAMS 0x000000070f000000, 0x000000070f000000| Untracked 
| 215|0x000000070f100000, 0x000000070f100000, 0x000000070f200000|  0%| F|  |TAMS 0x000000070f100000, 0x000000070f100000| Untracked 
| 216|0x000000070f200000, 0x000000070f200000, 0x000000070f300000|  0%| F|  |TAMS 0x000000070f200000, 0x000000070f200000| Untracked 
| 217|0x000000070f300000, 0x000000070f300000, 0x000000070f400000|  0%| F|  |TAMS 0x000000070f300000, 0x000000070f300000| Untracked 
| 218|0x000000070f400000, 0x000000070f400000, 0x000000070f500000|  0%| F|  |TAMS 0x000000070f400000, 0x000000070f400000| Untracked 
| 219|0x000000070f500000, 0x000000070f500000, 0x000000070f600000|  0%| F|  |TAMS 0x000000070f500000, 0x000000070f500000| Untracked 
| 220|0x000000070f600000, 0x000000070f600000, 0x000000070f700000|  0%| F|  |TAMS 0x000000070f600000, 0x000000070f600000| Untracked 
| 221|0x000000070f700000, 0x000000070f700000, 0x000000070f800000|  0%| F|  |TAMS 0x000000070f700000, 0x000000070f700000| Untracked 
| 222|0x000000070f800000, 0x000000070f800000, 0x000000070f900000|  0%| F|  |TAMS 0x000000070f800000, 0x000000070f800000| Untracked 
| 223|0x000000070f900000, 0x000000070f900000, 0x000000070fa00000|  0%| F|  |TAMS 0x000000070f900000, 0x000000070f900000| Untracked 
| 224|0x000000070fa00000, 0x000000070fa00000, 0x000000070fb00000|  0%| F|  |TAMS 0x000000070fa00000, 0x000000070fa00000| Untracked 
| 225|0x000000070fb00000, 0x000000070fb00000, 0x000000070fc00000|  0%| F|  |TAMS 0x000000070fb00000, 0x000000070fb00000| Untracked 
| 226|0x000000070fc00000, 0x000000070fcb53f0, 0x000000070fd00000| 70%| S|CS|TAMS 0x000000070fc00000, 0x000000070fc00000| Complete 
| 227|0x000000070fd00000, 0x000000070fe00000, 0x000000070fe00000|100%| S|CS|TAMS 0x000000070fd00000, 0x000000070fd00000| Complete 
| 228|0x000000070fe00000, 0x000000070ff00000, 0x000000070ff00000|100%| S|CS|TAMS 0x000000070fe00000, 0x000000070fe00000| Complete 
| 229|0x000000070ff00000, 0x0000000710000000, 0x0000000710000000|100%| S|CS|TAMS 0x000000070ff00000, 0x000000070ff00000| Complete 
| 230|0x0000000710000000, 0x0000000710100000, 0x0000000710100000|100%| S|CS|TAMS 0x0000000710000000, 0x0000000710000000| Complete 
| 231|0x0000000710100000, 0x0000000710200000, 0x0000000710200000|100%| S|CS|TAMS 0x0000000710100000, 0x0000000710100000| Complete 
| 232|0x0000000710200000, 0x0000000710300000, 0x0000000710300000|100%| S|CS|TAMS 0x0000000710200000, 0x0000000710200000| Complete 
| 233|0x0000000710300000, 0x0000000710400000, 0x0000000710400000|100%| S|CS|TAMS 0x0000000710300000, 0x0000000710300000| Complete 
| 234|0x0000000710400000, 0x0000000710500000, 0x0000000710500000|100%| S|CS|TAMS 0x0000000710400000, 0x0000000710400000| Complete 
| 235|0x0000000710500000, 0x0000000710600000, 0x0000000710600000|100%| S|CS|TAMS 0x0000000710500000, 0x0000000710500000| Complete 
| 236|0x0000000710600000, 0x0000000710700000, 0x0000000710700000|100%| S|CS|TAMS 0x0000000710600000, 0x0000000710600000| Complete 
| 237|0x0000000710700000, 0x0000000710700000, 0x0000000710800000|  0%| F|  |TAMS 0x0000000710700000, 0x0000000710700000| Untracked 
| 238|0x0000000710800000, 0x0000000710800000, 0x0000000710900000|  0%| F|  |TAMS 0x0000000710800000, 0x0000000710800000| Untracked 
| 239|0x0000000710900000, 0x0000000710900000, 0x0000000710a00000|  0%| F|  |TAMS 0x0000000710900000, 0x0000000710900000| Untracked 
| 240|0x0000000710a00000, 0x0000000710a00000, 0x0000000710b00000|  0%| F|  |TAMS 0x0000000710a00000, 0x0000000710a00000| Untracked 
| 241|0x0000000710b00000, 0x0000000710b00000, 0x0000000710c00000|  0%| F|  |TAMS 0x0000000710b00000, 0x0000000710b00000| Untracked 
| 242|0x0000000710c00000, 0x0000000710c00000, 0x0000000710d00000|  0%| F|  |TAMS 0x0000000710c00000, 0x0000000710c00000| Untracked 
| 243|0x0000000710d00000, 0x0000000710d00000, 0x0000000710e00000|  0%| F|  |TAMS 0x0000000710d00000, 0x0000000710d00000| Untracked 
| 244|0x0000000710e00000, 0x0000000710e00000, 0x0000000710f00000|  0%| F|  |TAMS 0x0000000710e00000, 0x0000000710e00000| Untracked 
| 245|0x0000000710f00000, 0x0000000710f00000, 0x0000000711000000|  0%| F|  |TAMS 0x0000000710f00000, 0x0000000710f00000| Untracked 
| 246|0x0000000711000000, 0x0000000711000000, 0x0000000711100000|  0%| F|  |TAMS 0x0000000711000000, 0x0000000711000000| Untracked 
| 247|0x0000000711100000, 0x0000000711100000, 0x0000000711200000|  0%| F|  |TAMS 0x0000000711100000, 0x0000000711100000| Untracked 
| 248|0x0000000711200000, 0x0000000711200000, 0x0000000711300000|  0%| F|  |TAMS 0x0000000711200000, 0x0000000711200000| Untracked 
| 249|0x0000000711300000, 0x0000000711300000, 0x0000000711400000|  0%| F|  |TAMS 0x0000000711300000, 0x0000000711300000| Untracked 
| 250|0x0000000711400000, 0x0000000711400000, 0x0000000711500000|  0%| F|  |TAMS 0x0000000711400000, 0x0000000711400000| Untracked 
| 251|0x0000000711500000, 0x0000000711500000, 0x0000000711600000|  0%| F|  |TAMS 0x0000000711500000, 0x0000000711500000| Untracked 
| 252|0x0000000711600000, 0x0000000711600000, 0x0000000711700000|  0%| F|  |TAMS 0x0000000711600000, 0x0000000711600000| Untracked 
| 253|0x0000000711700000, 0x0000000711700000, 0x0000000711800000|  0%| F|  |TAMS 0x0000000711700000, 0x0000000711700000| Untracked 
| 254|0x0000000711800000, 0x0000000711800000, 0x0000000711900000|  0%| F|  |TAMS 0x0000000711800000, 0x0000000711800000| Untracked 
| 255|0x0000000711900000, 0x0000000711900000, 0x0000000711a00000|  0%| F|  |TAMS 0x0000000711900000, 0x0000000711900000| Untracked 

Card table byte_map: [0x0000016ea8010000,0x0000016ea8810000] _byte_map_base: 0x0000016ea4803000

Marking Bits (Prev, Next): (CMBitMap*) 0x0000016e90e9bac8, (CMBitMap*) 0x0000016e90e9bb00
 Prev Bits: [0x0000016ea9010000, 0x0000016eacfa8000)
 Next Bits: [0x0000016eacfb0000, 0x0000016eb0f48000)

Polling page: 0x0000016e8edc0000

Metaspace:

Usage:
  Non-class:     50.51 MB capacity,    49.60 MB ( 98%) used,   756.15 KB (  1%) free+waste,   177.13 KB ( <1%) overhead. 
      Class:      8.18 MB capacity,     7.59 MB ( 93%) used,   522.67 KB (  6%) free+waste,    88.00 KB (  1%) overhead. 
       Both:     58.70 MB capacity,    57.19 MB ( 97%) used,     1.25 MB (  2%) free+waste,   265.13 KB ( <1%) overhead. 

Virtual space:
  Non-class space:       52.00 MB reserved,      50.58 MB ( 97%) committed 
      Class space:        1.00 GB reserved,       8.25 MB ( <1%) committed 
             Both:        1.05 GB reserved,      58.83 MB (  5%) committed 

Chunk freelists:
   Non-Class:  4.38 KB
       Class:  640 bytes
        Both:  5.00 KB

CodeHeap 'non-profiled nmethods': size=238336Kb used=7958Kb max_used=7958Kb free=230377Kb
 bounds [0x0000016e98c20000, 0x0000016e993f0000, 0x0000016ea74e0000]
CodeHeap 'non-nmethods': size=7424Kb used=1242Kb max_used=1242Kb free=6181Kb
 bounds [0x0000016e984e0000, 0x0000016e98750000, 0x0000016e98c20000]
 total_blobs=5694 nmethods=5083 adapters=537
 compilation: enabled
              stopped_count=0, restarted_count=0
 full_count=0

Compilation events (10 events):
Event: 52.698 Thread 0x0000016eb43dc800 5079       1       com.sun.crypto.provider.GCTR::update (185 bytes)
Event: 52.699 Thread 0x0000016eb43dc800 nmethod 5079 0x0000016e993e3890 code [0x0000016e993e3aa0, 0x0000016e993e40e8]
Event: 52.699 Thread 0x0000016eb43dc800 5080       1       com.sun.crypto.provider.GCTR::blocksUntilRollover (44 bytes)
Event: 52.699 Thread 0x0000016eb43dc800 nmethod 5080 0x0000016e993e4490 code [0x0000016e993e4660, 0x0000016e993e49a8]
Event: 52.699 Thread 0x0000016eb43dc800 5081       1       com.sun.crypto.provider.CounterMode::encrypt (12 bytes)
Event: 52.699 Thread 0x0000016eb43dc800 nmethod 5081 0x0000016e993e4c10 code [0x0000016e993e4dc0, 0x0000016e993e4fa8]
Event: 52.699 Thread 0x0000016eb43dc800 5082       1       com.sun.crypto.provider.CounterMode::crypt (32 bytes)
Event: 52.699 Thread 0x0000016eb43dc800 nmethod 5082 0x0000016e993e5190 code [0x0000016e993e5340, 0x0000016e993e5528]
Event: 52.699 Thread 0x0000016eb43dc800 5083       1       com.sun.crypto.provider.GHASH::reset (15 bytes)
Event: 52.700 Thread 0x0000016eb43dc800 nmethod 5083 0x0000016e993e5710 code [0x0000016e993e58a0, 0x0000016e993e59d8]

GC Heap History (10 events):
Event: 0.693 GC heap after
{Heap after GC invocations=1 (full 0):
 garbage-first heap   total 262144K, used 6417K [0x0000000701a00000, 0x0000000800000000)
  region size 1024K, 3 young (3072K), 3 survivors (3072K)
 Metaspace       used 11112K, capacity 11338K, committed 11520K, reserved 1058816K
  class space    used 1145K, capacity 1235K, committed 1280K, reserved 1048576K
}
Event: 1.156 GC heap before
{Heap before GC invocations=1 (full 0):
 garbage-first heap   total 262144K, used 65809K [0x0000000701a00000, 0x0000000800000000)
  region size 1024K, 62 young (63488K), 3 survivors (3072K)
 Metaspace       used 20778K, capacity 21192K, committed 21296K, reserved 1069056K
  class space    used 2465K, capacity 2641K, committed 2688K, reserved 1048576K
}
Event: 1.160 GC heap after
{Heap after GC invocations=2 (full 0):
 garbage-first heap   total 262144K, used 8913K [0x0000000701a00000, 0x0000000800000000)
  region size 1024K, 6 young (6144K), 6 survivors (6144K)
 Metaspace       used 20778K, capacity 21192K, committed 21296K, reserved 1069056K
  class space    used 2465K, capacity 2641K, committed 2688K, reserved 1048576K
}
Event: 1.924 GC heap before
{Heap before GC invocations=3 (full 0):
 garbage-first heap   total 262144K, used 68305K [0x0000000701a00000, 0x0000000800000000)
  region size 1024K, 64 young (65536K), 6 survivors (6144K)
 Metaspace       used 24799K, capacity 25494K, committed 25520K, reserved 1071104K
  class space    used 3045K, capacity 3327K, committed 3328K, reserved 1048576K
}
Event: 1.929 GC heap after
{Heap after GC invocations=4 (full 0):
 garbage-first heap   total 262144K, used 10930K [0x0000000701a00000, 0x0000000800000000)
  region size 1024K, 5 young (5120K), 5 survivors (5120K)
 Metaspace       used 24799K, capacity 25494K, committed 25520K, reserved 1071104K
  class space    used 3045K, capacity 3327K, committed 3328K, reserved 1048576K
}
Event: 3.320 GC heap before
{Heap before GC invocations=4 (full 0):
 garbage-first heap   total 262144K, used 88754K [0x0000000701a00000, 0x0000000800000000)
  region size 1024K, 82 young (83968K), 5 survivors (5120K)
 Metaspace       used 34823K, capacity 35776K, committed 35888K, reserved 1081344K
  class space    used 4451K, capacity 4882K, committed 4992K, reserved 1048576K
}
Event: 3.327 GC heap after
{Heap after GC invocations=5 (full 0):
 garbage-first heap   total 262144K, used 15201K [0x0000000701a00000, 0x0000000800000000)
  region size 1024K, 9 young (9216K), 9 survivors (9216K)
 Metaspace       used 34823K, capacity 35776K, committed 35888K, reserved 1081344K
  class space    used 4451K, capacity 4882K, committed 4992K, reserved 1048576K
}
Event: 5.928 GC heap before
{Heap before GC invocations=6 (full 0):
 garbage-first heap   total 262144K, used 159585K [0x0000000701a00000, 0x0000000800000000)
  region size 1024K, 150 young (153600K), 9 survivors (9216K)
 Metaspace       used 56869K, capacity 58390K, committed 58544K, reserved 1099776K
  class space    used 7553K, capacity 8127K, committed 8192K, reserved 1048576K
}
Event: 5.940 GC heap after
{Heap after GC invocations=7 (full 0):
 garbage-first heap   total 262144K, used 24276K [0x0000000701a00000, 0x0000000800000000)
  region size 1024K, 18 young (18432K), 18 survivors (18432K)
 Metaspace       used 56869K, capacity 58390K, committed 58544K, reserved 1099776K
  class space    used 7553K, capacity 8127K, committed 8192K, reserved 1048576K
}
Event: 52.721 GC heap before
{Heap before GC invocations=7 (full 0):
 garbage-first heap   total 262144K, used 41684K [0x0000000701a00000, 0x0000000800000000)
  region size 1024K, 37 young (37888K), 18 survivors (18432K)
 Metaspace       used 58560K, capacity 60104K, committed 60240K, reserved 1101824K
  class space    used 7768K, capacity 8379K, committed 8448K, reserved 1048576K
}

Deoptimization events (0 events):
No events

Classes redefined (0 events):
No events

Internal exceptions (10 events):
Event: 5.529 Thread 0x0000016eb4e41800 Exception <a 'java/lang/ClassNotFoundException'{0x0000000709e42ad0}: org/springframework/web/servlet/config/annotation/DelegatingWebMvcConfigurationCustomizer> (0x0000000709e42ad0) thrown at [./open/src/hotspot/share/classfile/systemDictionary.cpp, line 2
Event: 5.530 Thread 0x0000016eb4e41800 Exception <a 'java/lang/ClassNotFoundException'{0x0000000709e5dff8}: org/springframework/boot/autoconfigure/web/servlet/WebMvcAutoConfiguration$EnableWebMvcConfigurationCustomizer> (0x0000000709e5dff8) thrown at [./open/src/hotspot/share/classfile/systemD
Event: 5.531 Thread 0x0000016eb4e41800 Exception <a 'java/lang/ClassNotFoundException'{0x0000000709e7a308}: org/springframework/context/ResourceLoaderAwareCustomizer> (0x0000000709e7a308) thrown at [./open/src/hotspot/share/classfile/systemDictionary.cpp, line 226]
Event: 5.531 Thread 0x0000016eb4e41800 Exception <a 'java/lang/ClassNotFoundException'{0x0000000709e89758}: org/springframework/beans/factory/AwareCustomizer> (0x0000000709e89758) thrown at [./open/src/hotspot/share/classfile/systemDictionary.cpp, line 226]
Event: 5.532 Thread 0x0000016eb4e41800 Exception <a 'java/lang/ClassNotFoundException'{0x0000000709e99218}: org/springframework/context/ApplicationContextAwareCustomizer> (0x0000000709e99218) thrown at [./open/src/hotspot/share/classfile/systemDictionary.cpp, line 226]
Event: 5.533 Thread 0x0000016eb4e41800 Exception <a 'java/lang/ClassNotFoundException'{0x0000000709ea8d80}: org/springframework/beans/factory/AwareCustomizer> (0x0000000709ea8d80) thrown at [./open/src/hotspot/share/classfile/systemDictionary.cpp, line 226]
Event: 5.533 Thread 0x0000016eb4e41800 Exception <a 'java/lang/ClassNotFoundException'{0x0000000709eb8818}: org/springframework/web/context/ServletContextAwareCustomizer> (0x0000000709eb8818) thrown at [./open/src/hotspot/share/classfile/systemDictionary.cpp, line 226]
Event: 5.534 Thread 0x0000016eb4e41800 Exception <a 'java/lang/ClassNotFoundException'{0x0000000709ec7e58}: org/springframework/beans/factory/AwareCustomizer> (0x0000000709ec7e58) thrown at [./open/src/hotspot/share/classfile/systemDictionary.cpp, line 226]
Event: 5.670 Thread 0x0000016eb4e41800 Exception <a 'java/lang/NoSuchMethodError'{0x0000000709483870}: java.lang.invoke.DirectMethodHandle$Holder.invokeVirtual(Ljava/lang/Object;Ljava/lang/Object;I)V> (0x0000000709483870) thrown at [./open/src/hotspot/share/interpreter/linkResolver.cpp, line 7
Event: 5.760 Thread 0x0000016eb4e41800 Exception <a 'java/lang/IncompatibleClassChangeError'{0x0000000708e18c08}: Found class java.lang.Object, but interface was expected> (0x0000000708e18c08) thrown at [./open/src/hotspot/share/interpreter/linkResolver.cpp, line 838]

Events (10 events):
Event: 52.719 loading class org/hibernate/query/criteria/internal/compile/CriteriaInterpretation done
Event: 52.720 loading class org/hibernate/query/criteria/internal/compile/CriteriaCompiler$2
Event: 52.720 loading class org/hibernate/query/criteria/internal/compile/CriteriaCompiler$2 done
Event: 52.720 loading class org/hibernate/query/criteria/internal/compile/InterpretedParameterMetadata
Event: 52.720 loading class org/hibernate/query/criteria/internal/compile/InterpretedParameterMetadata done
Event: 52.720 loading class org/hibernate/query/criteria/internal/CriteriaQueryImpl$1$1
Event: 52.720 loading class org/hibernate/query/criteria/internal/CriteriaQueryImpl$1$1 done
Event: 52.721 loading class org/hibernate/jpa/spi/HibernateEntityManagerImplementor$QueryOptions
Event: 52.721 loading class org/hibernate/jpa/spi/HibernateEntityManagerImplementor$QueryOptions done
Event: 52.721 Executing VM operation: CollectForMetadataAllocation


Dynamic libraries:
0x00007ff6477f0000 - 0x00007ff6477ff000 	C:\Program Files\Java\jdk-11.0.16\bin\java.exe
0x00007ffb41f90000 - 0x00007ffb42188000 	C:\Windows\SYSTEM32\ntdll.dll
0x00007ffb41180000 - 0x00007ffb4123f000 	C:\Windows\System32\KERNEL32.DLL
0x00007ffb3f700000 - 0x00007ffb3f9d2000 	C:\Windows\System32\KERNELBASE.dll
0x00007ffb3fa10000 - 0x00007ffb3fb10000 	C:\Windows\System32\ucrtbase.dll
0x00007ffb28540000 - 0x00007ffb28555000 	C:\Program Files\Java\jdk-11.0.16\bin\VCRUNTIME140.dll
0x00007ffb241a0000 - 0x00007ffb241b8000 	C:\Program Files\Java\jdk-11.0.16\bin\jli.dll
0x00007ffb41cd0000 - 0x00007ffb41d7e000 	C:\Windows\System32\ADVAPI32.dll
0x00007ffb41d80000 - 0x00007ffb41e1e000 	C:\Windows\System32\msvcrt.dll
0x00007ffb3ffe0000 - 0x00007ffb4007c000 	C:\Windows\System32\sechost.dll
0x00007ffb407f0000 - 0x00007ffb40915000 	C:\Windows\System32\RPCRT4.dll
0x00007ffb41240000 - 0x00007ffb413dd000 	C:\Windows\System32\USER32.dll
0x00007ffb3f9e0000 - 0x00007ffb3fa02000 	C:\Windows\System32\win32u.dll
0x00007ffb2a7e0000 - 0x00007ffb2aa7a000 	C:\Windows\WinSxS\amd64_microsoft.windows.common-controls_6595b64144ccf1df_6.0.19041.1110_none_60b5254171f9507e\COMCTL32.dll
0x00007ffb40f20000 - 0x00007ffb40f4b000 	C:\Windows\System32\GDI32.dll
0x00007ffb3fc70000 - 0x00007ffb3fd7f000 	C:\Windows\System32\gdi32full.dll
0x00007ffb3fe40000 - 0x00007ffb3fedd000 	C:\Windows\System32\msvcp_win.dll
0x00007ffb3c150000 - 0x00007ffb3c15a000 	C:\Windows\SYSTEM32\VERSION.dll
0x00007ffb41020000 - 0x00007ffb41052000 	C:\Windows\System32\IMM32.DLL
0x00007ffb01c60000 - 0x00007ffb01cfb000 	C:\Program Files\Java\jdk-11.0.16\bin\msvcp140.dll
0x00007ffad3ab0000 - 0x00007ffad45c8000 	C:\Program Files\Java\jdk-11.0.16\bin\server\jvm.dll
0x00007ffb40480000 - 0x00007ffb40488000 	C:\Windows\System32\PSAPI.DLL
0x00007ffb28850000 - 0x00007ffb28877000 	C:\Windows\SYSTEM32\WINMM.dll
0x00007ffb30490000 - 0x00007ffb30499000 	C:\Windows\SYSTEM32\WSOCK32.dll
0x00007ffb413e0000 - 0x00007ffb4144b000 	C:\Windows\System32\WS2_32.dll
0x00007ffb3df30000 - 0x00007ffb3df42000 	C:\Windows\SYSTEM32\kernel.appcore.dll
0x00007ffb31ed0000 - 0x00007ffb31ee0000 	C:\Program Files\Java\jdk-11.0.16\bin\verify.dll
0x00007ffb3dce0000 - 0x00007ffb3dec4000 	C:\Windows\SYSTEM32\DBGHELP.DLL
0x00007ffb376f0000 - 0x00007ffb3771c000 	C:\Windows\SYSTEM32\dbgcore.DLL
0x00007ffb3fdb0000 - 0x00007ffb3fe32000 	C:\Windows\System32\bcryptPrimitives.dll
0x00007ffb19d40000 - 0x00007ffb19d68000 	C:\Program Files\Java\jdk-11.0.16\bin\java.dll
0x00007ffb2d590000 - 0x00007ffb2d59a000 	C:\Program Files\Java\jdk-11.0.16\bin\jimage.dll
0x00007ffb21420000 - 0x00007ffb21436000 	C:\Program Files\Java\jdk-11.0.16\bin\zip.dll
0x00007ffb41450000 - 0x00007ffb41b93000 	C:\Windows\System32\SHELL32.dll
0x00007ffb3d540000 - 0x00007ffb3dcd2000 	C:\Windows\SYSTEM32\windows.storage.dll
0x00007ffb40490000 - 0x00007ffb407e4000 	C:\Windows\System32\combase.dll
0x00007ffb3f0f0000 - 0x00007ffb3f120000 	C:\Windows\SYSTEM32\Wldp.dll
0x00007ffb40340000 - 0x00007ffb403ed000 	C:\Windows\System32\SHCORE.dll
0x00007ffb402e0000 - 0x00007ffb40335000 	C:\Windows\System32\shlwapi.dll
0x00007ffb3f5d0000 - 0x00007ffb3f5ef000 	C:\Windows\SYSTEM32\profapi.dll
0x00007ffb1c760000 - 0x00007ffb1c779000 	C:\Program Files\Java\jdk-11.0.16\bin\net.dll
0x00007ffb36560000 - 0x00007ffb3666c000 	C:\Windows\SYSTEM32\WINHTTP.dll
0x00007ffb3ee50000 - 0x00007ffb3eeba000 	C:\Windows\system32\mswsock.dll
0x00007ffb1a600000 - 0x00007ffb1a612000 	C:\Program Files\Java\jdk-11.0.16\bin\nio.dll
0x00007ffb2cc90000 - 0x00007ffb2cc99000 	C:\Program Files\Java\jdk-11.0.16\bin\management.dll
0x00007ffb256e0000 - 0x00007ffb256eb000 	C:\Program Files\Java\jdk-11.0.16\bin\management_ext.dll
0x00007ffb20990000 - 0x00007ffb209a7000 	C:\Windows\system32\napinsp.dll
0x00007ffb20970000 - 0x00007ffb2098b000 	C:\Windows\system32\pnrpnsp.dll
0x00007ffb20950000 - 0x00007ffb20965000 	C:\Windows\system32\wshbth.dll
0x00007ffb39a20000 - 0x00007ffb39a3d000 	C:\Windows\system32\NLAapi.dll
0x00007ffb3eaf0000 - 0x00007ffb3eb2b000 	C:\Windows\SYSTEM32\IPHLPAPI.DLL
0x00007ffb3eb40000 - 0x00007ffb3ec0a000 	C:\Windows\SYSTEM32\DNSAPI.dll
0x00007ffb40db0000 - 0x00007ffb40db8000 	C:\Windows\System32\NSI.dll
0x00007ffb20930000 - 0x00007ffb20942000 	C:\Windows\System32\winrnr.dll
0x00007ffb35ad0000 - 0x00007ffb35ada000 	C:\Windows\System32\rasadhlp.dll
0x00007ffb35110000 - 0x00007ffb35190000 	C:\Windows\System32\fwpuclnt.dll
0x00007ffb3fd80000 - 0x00007ffb3fda7000 	C:\Windows\System32\bcrypt.dll
0x00007ffb3f050000 - 0x00007ffb3f068000 	C:\Windows\SYSTEM32\CRYPTSP.dll
0x00007ffb3e700000 - 0x00007ffb3e734000 	C:\Windows\system32\rsaenh.dll
0x00007ffb3f550000 - 0x00007ffb3f57e000 	C:\Windows\SYSTEM32\USERENV.dll
0x00007ffb3f040000 - 0x00007ffb3f04c000 	C:\Windows\SYSTEM32\CRYPTBASE.dll
0x00007ffb38e20000 - 0x00007ffb38e37000 	C:\Windows\SYSTEM32\dhcpcsvc6.DLL
0x00007ffb38b90000 - 0x00007ffb38bad000 	C:\Windows\SYSTEM32\dhcpcsvc.DLL
0x00007ffb27610000 - 0x00007ffb27635000 	C:\Program Files\Java\jdk-11.0.16\bin\sunec.dll
0x00007ffb340a0000 - 0x00007ffb340ad000 	C:\Program Files\Java\jdk-11.0.16\bin\sunmscapi.dll
0x00007ffb3fb10000 - 0x00007ffb3fc66000 	C:\Windows\System32\CRYPT32.dll
0x00007ffb3f160000 - 0x00007ffb3f187000 	C:\Windows\SYSTEM32\ncrypt.dll
0x00007ffb3f120000 - 0x00007ffb3f15b000 	C:\Windows\SYSTEM32\NTASN1.dll

dbghelp: loaded successfully - version: 4.0.5 - missing functions: none
symbol engine: initialized successfully - sym options: 0x614 - pdb path: .;C:\Program Files\Java\jdk-11.0.16\bin;C:\Windows\SYSTEM32;C:\Windows\WinSxS\amd64_microsoft.windows.common-controls_6595b64144ccf1df_6.0.19041.1110_none_60b5254171f9507e;C:\Program Files\Java\jdk-11.0.16\bin\server

VM Arguments:
jvm_args: -Xverify:none -XX:TieredStopAtLevel=1 -Dfile.encoding=windows-1252 -Duser.country=US -Duser.language=en -Duser.variant 
java_command: org.launchcode.techjobs.persistent.JavaWebDevTechjobsPersistentApplication
java_class_path (initial): C:\Users\Games\OneDrive\Documents_old\Data Science\LaunchCode\Java\java-assignment-4-techjobs-persistent-edition-FadirTorcer\build\classes\java\main;C:\Users\Games\OneDrive\Documents_old\Data Science\LaunchCode\Java\java-assignment-4-techjobs-persistent-edition-FadirTorcer\build\resources\main;C:\Users\Games\.gradle\caches\modules-2\files-2.1\org.springframework.boot\spring-boot-devtools\2.2.2.RELEASE\b72b182af53fdc10a0dda71cd20d37f357872de0\spring-boot-devtools-2.2.2.RELEASE.jar;C:\Users\Games\.gradle\caches\modules-2\files-2.1\org.springframework.boot\spring-boot-starter-data-jpa\2.2.2.RELEASE\70fca038c1bbb1e9d0d6bedd1035f091ad024a7e\spring-boot-starter-data-jpa-2.2.2.RELEASE.jar;C:\Users\Games\.gradle\caches\modules-2\files-2.1\mysql\mysql-connector-java\8.0.18\e088efaa4b568bc7d9f7274b9c5ea1a00da1a45c\mysql-connector-java-8.0.18.jar;C:\Users\Games\.gradle\caches\modules-2\files-2.1\org.springframework.boot\spring-boot-starter-thymeleaf\2.2.2.RELEASE\fb3920ecfaeaed5190e4cd89441fced220f53507\spring-boot-starter-thymeleaf-2.2.2.RELEASE.jar;C:\Users\Games\.gradle\caches\modules-2\files-2.1\org.springframework.boot\spring-boot-starter-web\2.2.2.RELEASE\3e15f18a4dafd499b900082f3cc25bb11ea91821\spring-boot-starter-web-2.2.2.RELEASE.jar;C:\Users\Games\.gradle\caches\modules-2\files-2.1\org.springframework.boot\spring-boot-starter-aop\2.2.2.RELEASE\f3c7529b69898084018e69e101ebc108237b1cce\spring-boot-starter-aop-2.2.2.RELEASE.jar;C:\Users\Games\.gradle\caches\modules-2\files-2.1\org.springframework.boot\spring-boot-starter-jdbc\2.2.2.RELEASE\62cbc3b594bd82e035bdcd6f93250f4826d407b6\spring-boot-starter-jdbc-2.2.2.RELEASE.jar;C:\Users\Games\.gradle\caches\modules-2\files-2.1\org.springframework.boot\spring-boot-starter-json\2.2.2.RELEASE\7ef93e43938abf3064cce9b7317bdb8278060437\spring-boot-starter-json-2.2.2.RELEASE.jar;C:\Users\Games\.gradle\caches\modules-2\files-2.1\org.springframework.boot\spring-boot-starter-validation\2.2.2.RELEASE\ef3ac35
Launcher Type: SUN_STANDARD

[Global flags]
     bool BytecodeVerificationLocal                = false                                     {product} {command line}
     bool BytecodeVerificationRemote               = false                                     {product} {command line}
     intx CICompilerCount                          = 4                                         {product} {ergonomic}
     uint ConcGCThreads                            = 2                                         {product} {ergonomic}
     uint G1ConcRefinementThreads                  = 8                                         {product} {ergonomic}
   size_t G1HeapRegionSize                         = 1048576                                   {product} {ergonomic}
    uintx GCDrainStackTargetSize                   = 64                                        {product} {ergonomic}
   size_t InitialHeapSize                          = 268435456                                 {product} {ergonomic}
   size_t MarkStackSize                            = 4194304                                   {product} {ergonomic}
   size_t MaxHeapSize                              = 4267704320                                {product} {ergonomic}
   size_t MaxNewSize                               = 2560622592                                {product} {ergonomic}
   size_t MinHeapDeltaBytes                        = 1048576                                   {product} {ergonomic}
    uintx NonNMethodCodeHeapSize                   = 7549744                                {pd product} {ergonomic}
    uintx NonProfiledCodeHeapSize                  = 244108496                              {pd product} {ergonomic}
    uintx ProfiledCodeHeapSize                     = 0                                      {pd product} {ergonomic}
    uintx ReservedCodeCacheSize                    = 251658240                              {pd product} {ergonomic}
     bool SegmentedCodeCache                       = true                                      {product} {ergonomic}
     intx TieredStopAtLevel                        = 1                                         {product} {command line}
     bool UseCompressedClassPointers               = true                                 {lp64_product} {ergonomic}
     bool UseCompressedOops                        = true                                 {lp64_product} {ergonomic}
     bool UseG1GC                                  = true                                      {product} {ergonomic}
     bool UseLargePagesIndividualAllocation        = false                                  {pd product} {ergonomic}

Logging:
Log output configuration:
 #0: stdout all=warning uptime,level,tags
 #1: stderr all=off uptime,level,tags

Environment Variables:
JAVA_HOME=C:\Program Files\Java\jdk-11.0.16
PATH=C:\Program Files (x86)\Intel\iCLS Client\;C:\Program Files\Intel\iCLS Client\;C:\Windows\system32;C:\Windows;C:\Windows\System32\Wbem;C:\Windows\System32\WindowsPowerShell\v1.0\;C:\Program Files\Intel\Intel(R) Management Engine Components\DAL;C:\Program Files\Intel\Intel(R) Management Engine Components\IPT;C:\Program Files (x86)\Intel\Intel(R) Management Engine Components\DAL;C:\Program Files (x86)\Intel\Intel(R) Management Engine Components\IPT;C:\Program Files (x86)\Intel\OpenCL SDK\2.0\bin\x86;C:\Program Files (x86)\Intel\OpenCL SDK\2.0\bin\x64;C:\Program Files (x86)\QuickTime\QTSystem\;c:\adb;C:\Windows\system32;C:\Windows;C:\Windows\System32\Wbem;C:\Windows\System32\WindowsPowerShell\v1.0\;C:\Windows\System32\OpenSSH\;C:\Program Files\NVIDIA Corporation\NVIDIA NvDLISR;C:\Program Files (x86)\NVIDIA Corporation\PhysX\Common;C:\Program Files\nodejs\;C:\Program Files\Java\jdk-11.0.16\bin;C:\Users\Games\AppData\Local\Microsoft\WindowsApps;C:\Users\Games\AppData\Local\Programs\Microsoft VS Code\bin;C:\Users\Games\AppData\Local\Programs\Git\cmd;C:\Users\Games\AppData\Roaming\npm
USERNAME=Games
OS=Windows_NT
PROCESSOR_IDENTIFIER=Intel64 Family 6 Model 58 Stepping 9, GenuineIntel



---------------  S Y S T E M  ---------------

OS: Windows 10 , 64 bit Build 19041 (10.0.19041.2251)

CPU:total 8 (initial active 8) (4 cores per cpu, 2 threads per core) family 6 model 58 stepping 9 microcode 0x21, cmov, cx8, fxsr, mmx, sse, sse2, sse3, ssse3, sse4.1, sse4.2, popcnt, avx, aes, clmul, erms, ht, tsc, tscinvbit, tscinv

Memory: 4k page, system-wide physical 16279M (4609M free)
TotalPageFile size 20375M (AvailPageFile size 50M)
current process WorkingSet (physical memory assigned to process): 307M, peak: 307M
current process commit charge ("private bytes"): 428M, peak: 480M

vm_info: Java HotSpot(TM) 64-Bit Server VM (11.0.16+11-LTS-199) for windows-amd64 JRE (11.0.16+11-LTS-199), built on Jun 28 2022 08:23:17 by "mach5one" with MS VC++ 15.9 (VS2017)

END.
