#
# There is insufficient memory for the Java Runtime Environment to continue.
# Native memory allocation (malloc) failed to allocate 575216 bytes for Chunk::new
# Possible reasons:
#   The system is out of physical RAM or swap space
#   The process is running with CompressedOops enabled, and the Java Heap may be blocking the growth of the native heap
# Possible solutions:
#   Reduce memory load on the system
#   Increase physical memory or swap space
#   Check if swap backing store is full
#   Decrease Java heap size (-Xmx/-Xms)
#   Decrease number of Java threads
#   Decrease Java thread stack sizes (-Xss)
#   Set larger code cache with -XX:ReservedCodeCacheSize=
#   JVM is running with Unscaled Compressed Oops mode in which the Java heap is
#     placed in the first 4GB address space. The Java Heap base address is the
#     maximum limit for the native heap growth. Please use -XX:HeapBaseMinAddress
#     to set the Java Heap base and to place the Java Heap above 4GB virtual address.
# This output file may be truncated or incomplete.
#
#  Out of Memory Error (./open/src/hotspot/share/memory/arena.cpp:197), pid=8128, tid=21332
#
# JRE version: Java(TM) SE Runtime Environment 18.9 (11.0.16+11) (build 11.0.16+11-LTS-199)
# Java VM: Java HotSpot(TM) 64-Bit Server VM 18.9 (11.0.16+11-LTS-199, mixed mode, tiered, compressed oops, g1 gc, windows-amd64)
# No core dump will be written. Minidumps are not enabled by default on client versions of Windows
#

---------------  S U M M A R Y ------------

Command Line: --add-opens=java.base/java.util=ALL-UNNAMED --add-opens=java.base/java.lang=ALL-UNNAMED --add-opens=java.base/java.lang.invoke=ALL-UNNAMED --add-opens=java.prefs/java.util.prefs=ALL-UNNAMED -XX:MaxMetaspaceSize=256m -XX:+HeapDumpOnOutOfMemoryError -Xms256m -Xmx512m -Dfile.encoding=windows-1252 -Duser.country=US -Duser.language=en -Duser.variant org.gradle.launcher.daemon.bootstrap.GradleDaemon 6.0.1

Host: Intel(R) Core(TM) i7-3770 CPU @ 3.40GHz, 8 cores, 15G,  Windows 10 , 64 bit Build 19041 (10.0.19041.2251)
Time: Wed Nov 23 10:59:15 2022 Central Standard Time elapsed time: 6.577255 seconds (0d 0h 0m 6s)

---------------  T H R E A D  ---------------

Current thread (0x000001ea37d2b000):  JavaThread "C2 CompilerThread2" daemon [_thread_in_native, id=21332, stack(0x0000007473500000,0x0000007473600000)]


Current CompileTask:
C2:   6577 5824       4       io.spring.gradle.dependencymanagement.org.codehaus.plexus.interpolation.AbstractDelegatingValueSource::getValue (11 bytes)

Stack: [0x0000007473500000,0x0000007473600000]
Native frames: (J=compiled Java code, j=interpreted, Vv=VM code, C=native code)
V  [jvm.dll+0x62a3ea]
V  [jvm.dll+0x76418f]
V  [jvm.dll+0x765839]
V  [jvm.dll+0x765ec3]
V  [jvm.dll+0x23da98]
V  [jvm.dll+0xb2a1c]
V  [jvm.dll+0xb2fdc]
V  [jvm.dll+0x2ae814]
V  [jvm.dll+0x53d97b]
V  [jvm.dll+0x1f9c2f]
V  [jvm.dll+0x1f756d]
V  [jvm.dll+0x177c81]
V  [jvm.dll+0x207006]
V  [jvm.dll+0x20519b]
V  [jvm.dll+0x729fa0]
V  [jvm.dll+0x722b74]
V  [jvm.dll+0x629286]
C  [ucrtbase.dll+0x21bb2]
C  [KERNEL32.DLL+0x174b4]
C  [ntdll.dll+0x526a1]


---------------  P R O C E S S  ---------------

Threads class SMR info:
_java_thread_list=0x000001ea3cc68cb0, length=38, elements={
0x000001ea1a0b7000, 0x000001ea34f00800, 0x000001ea34f2a800, 0x000001ea34f3c000,
0x000001ea34f3e000, 0x000001ea34f3f000, 0x000001ea358ae000, 0x000001ea34f43000,
0x000001ea358ba000, 0x000001ea35a11000, 0x000001ea36094000, 0x000001ea3614b800,
0x000001ea36816800, 0x000001ea37427800, 0x000001ea36ebf000, 0x000001ea36912800,
0x000001ea36985800, 0x000001ea377d7000, 0x000001ea37a02800, 0x000001ea37b00800,
0x000001ea37b04000, 0x000001ea37aff000, 0x000001ea37b02800, 0x000001ea371d6800,
0x000001ea37b01800, 0x000001ea37d2b000, 0x000001ea3b995800, 0x000001ea3b994800,
0x000001ea3b996800, 0x000001ea3b997000, 0x000001ea3b998000, 0x000001ea3b998800,
0x000001ea3b999800, 0x000001ea3b994000, 0x000001ea3b99c000, 0x000001ea3b99d800,
0x000001ea3b99e800, 0x000001ea3b9a0000
}

Java Threads: ( => current thread )
  0x000001ea1a0b7000 JavaThread "main" [_thread_blocked, id=18452, stack(0x0000007470d00000,0x0000007470e00000)]
  0x000001ea34f00800 JavaThread "Reference Handler" daemon [_thread_blocked, id=32448, stack(0x0000007471400000,0x0000007471500000)]
  0x000001ea34f2a800 JavaThread "Finalizer" daemon [_thread_blocked, id=18812, stack(0x0000007471500000,0x0000007471600000)]
  0x000001ea34f3c000 JavaThread "Signal Dispatcher" daemon [_thread_blocked, id=4700, stack(0x0000007471600000,0x0000007471700000)]
  0x000001ea34f3e000 JavaThread "Attach Listener" daemon [_thread_blocked, id=14920, stack(0x0000007471700000,0x0000007471800000)]
  0x000001ea34f3f000 JavaThread "Service Thread" daemon [_thread_blocked, id=25064, stack(0x0000007471800000,0x0000007471900000)]
  0x000001ea358ae000 JavaThread "C2 CompilerThread0" daemon [_thread_in_native, id=3516, stack(0x0000007471900000,0x0000007471a00000)]
  0x000001ea34f43000 JavaThread "C1 CompilerThread0" daemon [_thread_blocked, id=31760, stack(0x0000007471a00000,0x0000007471b00000)]
  0x000001ea358ba000 JavaThread "Sweeper thread" daemon [_thread_blocked, id=22736, stack(0x0000007471b00000,0x0000007471c00000)]
  0x000001ea35a11000 JavaThread "Common-Cleaner" daemon [_thread_blocked, id=25112, stack(0x0000007471c00000,0x0000007471d00000)]
  0x000001ea36094000 JavaThread "Daemon health stats" [_thread_blocked, id=29544, stack(0x0000007472500000,0x0000007472600000)]
  0x000001ea3614b800 JavaThread "Incoming local TCP Connector on port 53809" [_thread_in_native, id=5804, stack(0x0000007471e00000,0x0000007471f00000)]
  0x000001ea36816800 JavaThread "Daemon periodic checks" [_thread_blocked, id=28664, stack(0x0000007472400000,0x0000007472500000)]
  0x000001ea37427800 JavaThread "Daemon" [_thread_blocked, id=17516, stack(0x0000007472600000,0x0000007472700000)]
  0x000001ea36ebf000 JavaThread "Handler for socket connection from /127.0.0.1:53809 to /127.0.0.1:53810" [_thread_in_native, id=26004, stack(0x0000007472700000,0x0000007472800000)]
  0x000001ea36912800 JavaThread "Cancel handler" [_thread_blocked, id=25092, stack(0x0000007472800000,0x0000007472900000)]
  0x000001ea36985800 JavaThread "Daemon worker" [_thread_in_Java, id=5284, stack(0x0000007472900000,0x0000007472a00000)]
  0x000001ea377d7000 JavaThread "Asynchronous log dispatcher for DefaultDaemonConnection: socket connection from /127.0.0.1:53809 to /127.0.0.1:53810" [_thread_blocked, id=26384, stack(0x0000007472a00000,0x0000007472b00000)]
  0x000001ea37a02800 JavaThread "Stdin handler" [_thread_blocked, id=7000, stack(0x0000007472b00000,0x0000007472c00000)]
  0x000001ea37b00800 JavaThread "Thread-8" [_thread_blocked, id=15884, stack(0x0000007472c00000,0x0000007472d00000)]
  0x000001ea37b04000 JavaThread "Cache worker for file hash cache (C:\Users\Games\.gradle\caches\6.0.1\fileHashes)" [_thread_blocked, id=8604, stack(0x0000007472d00000,0x0000007472e00000)]
  0x000001ea37aff000 JavaThread "File lock request listener" [_thread_in_native, id=20616, stack(0x0000007472e00000,0x0000007472f00000)]
  0x000001ea37b02800 JavaThread "Cache worker for journal cache (C:\Users\Games\.gradle\caches\journal-1)" [_thread_blocked, id=16024, stack(0x0000007472f00000,0x0000007473000000)]
  0x000001ea371d6800 JavaThread "C2 CompilerThread1" daemon [_thread_in_native, id=14596, stack(0x0000007473000000,0x0000007473100000)]
  0x000001ea37b01800 JavaThread "Cache worker for file hash cache (C:\Users\Games\OneDrive\Documents_old\Data Science\LaunchCode\Java\java-assignment-4-techjobs-persistent-edition-FadirTorcer\.gradle\6.0.1\fileHashes)" [_thread_blocked, id=3808, stack(0x0000007473400000,0x0000007473500000)]
=>0x000001ea37d2b000 JavaThread "C2 CompilerThread2" daemon [_thread_in_native, id=21332, stack(0x0000007473500000,0x0000007473600000)]
  0x000001ea3b995800 JavaThread "Cache worker for cache directory md-supplier (C:\Users\Games\.gradle\caches\6.0.1\md-supplier)" [_thread_blocked, id=27252, stack(0x0000007473600000,0x0000007473700000)]
  0x000001ea3b994800 JavaThread "Cache worker for cache directory md-rule (C:\Users\Games\.gradle\caches\6.0.1\md-rule)" [_thread_blocked, id=19316, stack(0x0000007473700000,0x0000007473800000)]
  0x000001ea3b996800 JavaThread "Cache worker for execution history cache (C:\Users\Games\.gradle\caches\6.0.1\executionHistory)" [_thread_blocked, id=28956, stack(0x0000007473800000,0x0000007473900000)]
  0x000001ea3b997000 JavaThread "Build operations" [_thread_blocked, id=14472, stack(0x0000007473900000,0x0000007473a00000)]
  0x000001ea3b998000 JavaThread "Build operations Thread 2" [_thread_blocked, id=10556, stack(0x0000007473a00000,0x0000007473b00000)]
  0x000001ea3b998800 JavaThread "Build operations Thread 3" [_thread_blocked, id=23212, stack(0x0000007473b00000,0x0000007473c00000)]
  0x000001ea3b999800 JavaThread "Build operations Thread 4" [_thread_blocked, id=18048, stack(0x0000007473c00000,0x0000007473d00000)]
  0x000001ea3b994000 JavaThread "Build operations Thread 5" [_thread_blocked, id=24004, stack(0x0000007473d00000,0x0000007473e00000)]
  0x000001ea3b99c000 JavaThread "Build operations Thread 6" [_thread_blocked, id=21296, stack(0x0000007473e00000,0x0000007473f00000)]
  0x000001ea3b99d800 JavaThread "Cache worker for Build Output Cleanup Cache (C:\Users\Games\OneDrive\Documents_old\Data Science\LaunchCode\Java\java-assignment-4-techjobs-persistent-edition-FadirTorcer\.gradle\buildOutputCleanup)" [_thread_blocked, id=30396, stack(0x0000007473f00000,0x0000007474000000)]
  0x000001ea3b99e800 JavaThread "Build operations Thread 7" [_thread_blocked, id=26064, stack(0x0000007474000000,0x0000007474100000)]
  0x000001ea3b9a0000 JavaThread "Build operations Thread 8" [_thread_blocked, id=14820, stack(0x0000007474100000,0x0000007474200000)]

Other Threads:
  0x000001ea34efd800 VMThread "VM Thread" [stack: 0x0000007471300000,0x0000007471400000] [id=31632]
  0x000001ea35a50000 WatcherThread [stack: 0x0000007471d00000,0x0000007471e00000] [id=15600]
  0x000001ea1a0cc000 GCTaskThread "GC Thread#0" [stack: 0x0000007470e00000,0x0000007470f00000] [id=10068]
  0x000001ea36986800 GCTaskThread "GC Thread#1" [stack: 0x0000007471f00000,0x0000007472000000] [id=30048]
  0x000001ea3648e000 GCTaskThread "GC Thread#2" [stack: 0x0000007472000000,0x0000007472100000] [id=7996]
  0x000001ea36913000 GCTaskThread "GC Thread#3" [stack: 0x0000007472100000,0x0000007472200000] [id=20256]
  0x000001ea3673b000 GCTaskThread "GC Thread#4" [stack: 0x0000007472200000,0x0000007472300000] [id=11316]
  0x000001ea360f3800 GCTaskThread "GC Thread#5" [stack: 0x0000007472300000,0x0000007472400000] [id=10660]
  0x000001ea37d5e800 GCTaskThread "GC Thread#6" [stack: 0x0000007473100000,0x0000007473200000] [id=8464]
  0x000001ea36ee6000 GCTaskThread "GC Thread#7" [stack: 0x0000007473200000,0x0000007473300000] [id=9184]
  0x000001ea1a0e3000 ConcurrentGCThread "G1 Main Marker" [stack: 0x0000007470f00000,0x0000007471000000] [id=6348]
  0x000001ea1a0e5000 ConcurrentGCThread "G1 Conc#0" [stack: 0x0000007471000000,0x0000007471100000] [id=21288]
  0x000001ea360f4000 ConcurrentGCThread "G1 Conc#1" [stack: 0x0000007473300000,0x0000007473400000] [id=13432]
  0x000001ea34d94800 ConcurrentGCThread "G1 Refine#0" [stack: 0x0000007471100000,0x0000007471200000] [id=22952]
  0x000001ea34d95000 ConcurrentGCThread "G1 Young RemSet Sampling" [stack: 0x0000007471200000,0x0000007471300000] [id=9660]

Threads with active compile tasks:
C2 CompilerThread0     6617 5814       4       io.spring.gradle.dependencymanagement.org.apache.maven.model.interpolation.ProblemDetectingValueSource::getValue (131 bytes)
C2 CompilerThread1     6617 5793       4       io.spring.gradle.dependencymanagement.org.codehaus.plexus.util.xml.Xpp3Dom::<init> (123 bytes)
C2 CompilerThread2     6617 5824       4       io.spring.gradle.dependencymanagement.org.codehaus.plexus.interpolation.AbstractDelegatingValueSource::getValue (11 bytes)

VM state:not at safepoint (normal execution)

VM Mutex/Monitor currently owned by a thread: None

Heap address: 0x00000000e0000000, size: 512 MB, Compressed Oops mode: 32-bit
Narrow klass base: 0x0000000000000000, Narrow klass shift: 3
Compressed class space size: 260046848 Address: 0x0000000100000000

Heap:
 garbage-first heap   total 262144K, used 118866K [0x00000000e0000000, 0x0000000100000000)
  region size 1024K, 98 young (100352K), 17 survivors (17408K)
 Metaspace       used 46865K, capacity 47883K, committed 48128K, reserved 296960K
  class space    used 6024K, capacity 6395K, committed 6400K, reserved 253952K
Heap Regions: E=young(eden), S=young(survivor), O=old, HS=humongous(starts), HC=humongous(continues), CS=collection set, F=free, A=archive, TAMS=top-at-mark-start (previous, next)
|   0|0x00000000e0000000, 0x00000000e0100000, 0x00000000e0100000|100%| O|  |TAMS 0x00000000e0000000, 0x00000000e0000000| Untracked 
|   1|0x00000000e0100000, 0x00000000e0200000, 0x00000000e0200000|100%| O|  |TAMS 0x00000000e0100000, 0x00000000e0100000| Untracked 
|   2|0x00000000e0200000, 0x00000000e0300000, 0x00000000e0300000|100%| O|  |TAMS 0x00000000e0200000, 0x00000000e0200000| Untracked 
|   3|0x00000000e0300000, 0x00000000e0400000, 0x00000000e0400000|100%|HS|  |TAMS 0x00000000e0400000, 0x00000000e0300000| Complete 
|   4|0x00000000e0400000, 0x00000000e0500000, 0x00000000e0500000|100%|HC|  |TAMS 0x00000000e0500000, 0x00000000e0400000| Complete 
|   5|0x00000000e0500000, 0x00000000e0600000, 0x00000000e0600000|100%|HC|  |TAMS 0x00000000e0600000, 0x00000000e0500000| Complete 
|   6|0x00000000e0600000, 0x00000000e0700000, 0x00000000e0700000|100%| O|  |TAMS 0x00000000e0700000, 0x00000000e0600000| Untracked 
|   7|0x00000000e0700000, 0x00000000e0800000, 0x00000000e0800000|100%| O|  |TAMS 0x00000000e0800000, 0x00000000e0700000| Untracked 
|   8|0x00000000e0800000, 0x00000000e0900000, 0x00000000e0900000|100%| O|  |TAMS 0x00000000e0900000, 0x00000000e0800000| Untracked 
|   9|0x00000000e0900000, 0x00000000e0a00000, 0x00000000e0a00000|100%| O|  |TAMS 0x00000000e0a00000, 0x00000000e0900000| Untracked 
|  10|0x00000000e0a00000, 0x00000000e0b00000, 0x00000000e0b00000|100%| O|  |TAMS 0x00000000e0b00000, 0x00000000e0a00000| Untracked 
|  11|0x00000000e0b00000, 0x00000000e0c00000, 0x00000000e0c00000|100%| O|  |TAMS 0x00000000e0c00000, 0x00000000e0b00000| Untracked 
|  12|0x00000000e0c00000, 0x00000000e0d00000, 0x00000000e0d00000|100%| O|  |TAMS 0x00000000e0d00000, 0x00000000e0c00000| Untracked 
|  13|0x00000000e0d00000, 0x00000000e0e00000, 0x00000000e0e00000|100%| O|  |TAMS 0x00000000e0e00000, 0x00000000e0d00000| Untracked 
|  14|0x00000000e0e00000, 0x00000000e0f00000, 0x00000000e0f00000|100%| O|  |TAMS 0x00000000e0f00000, 0x00000000e0e00000| Untracked 
|  15|0x00000000e0f00000, 0x00000000e1000000, 0x00000000e1000000|100%| O|  |TAMS 0x00000000e1000000, 0x00000000e0f00000| Untracked 
|  16|0x00000000e1000000, 0x00000000e1100000, 0x00000000e1100000|100%| O|  |TAMS 0x00000000e1100000, 0x00000000e1000000| Untracked 
|  17|0x00000000e1100000, 0x00000000e1200000, 0x00000000e1200000|100%| O|  |TAMS 0x00000000e1200000, 0x00000000e1100000| Untracked 
|  18|0x00000000e1200000, 0x00000000e1300000, 0x00000000e1300000|100%| O|  |TAMS 0x00000000e1270e00, 0x00000000e1200000| Untracked 
|  19|0x00000000e1300000, 0x00000000e1314800, 0x00000000e1400000|  8%| O|  |TAMS 0x00000000e1300000, 0x00000000e1300000| Untracked 
|  20|0x00000000e1400000, 0x00000000e1400000, 0x00000000e1500000|  0%| F|  |TAMS 0x00000000e1400000, 0x00000000e1400000| Untracked 
|  21|0x00000000e1500000, 0x00000000e1500000, 0x00000000e1600000|  0%| F|  |TAMS 0x00000000e1500000, 0x00000000e1500000| Untracked 
|  22|0x00000000e1600000, 0x00000000e1600000, 0x00000000e1700000|  0%| F|  |TAMS 0x00000000e1600000, 0x00000000e1600000| Untracked 
|  23|0x00000000e1700000, 0x00000000e1700000, 0x00000000e1800000|  0%| F|  |TAMS 0x00000000e1700000, 0x00000000e1700000| Untracked 
|  24|0x00000000e1800000, 0x00000000e1800000, 0x00000000e1900000|  0%| F|  |TAMS 0x00000000e1800000, 0x00000000e1800000| Untracked 
|  25|0x00000000e1900000, 0x00000000e1900000, 0x00000000e1a00000|  0%| F|  |TAMS 0x00000000e1900000, 0x00000000e1900000| Untracked 
|  26|0x00000000e1a00000, 0x00000000e1a00000, 0x00000000e1b00000|  0%| F|  |TAMS 0x00000000e1a00000, 0x00000000e1a00000| Untracked 
|  27|0x00000000e1b00000, 0x00000000e1b00000, 0x00000000e1c00000|  0%| F|  |TAMS 0x00000000e1b00000, 0x00000000e1b00000| Untracked 
|  28|0x00000000e1c00000, 0x00000000e1c00000, 0x00000000e1d00000|  0%| F|  |TAMS 0x00000000e1c00000, 0x00000000e1c00000| Untracked 
|  29|0x00000000e1d00000, 0x00000000e1d00000, 0x00000000e1e00000|  0%| F|  |TAMS 0x00000000e1d00000, 0x00000000e1d00000| Untracked 
|  30|0x00000000e1e00000, 0x00000000e1e00000, 0x00000000e1f00000|  0%| F|  |TAMS 0x00000000e1e00000, 0x00000000e1e00000| Untracked 
|  31|0x00000000e1f00000, 0x00000000e1f00000, 0x00000000e2000000|  0%| F|  |TAMS 0x00000000e1f00000, 0x00000000e1f00000| Untracked 
|  32|0x00000000e2000000, 0x00000000e2000000, 0x00000000e2100000|  0%| F|  |TAMS 0x00000000e2000000, 0x00000000e2000000| Untracked 
|  33|0x00000000e2100000, 0x00000000e2100000, 0x00000000e2200000|  0%| F|  |TAMS 0x00000000e2100000, 0x00000000e2100000| Untracked 
|  34|0x00000000e2200000, 0x00000000e2200000, 0x00000000e2300000|  0%| F|  |TAMS 0x00000000e2200000, 0x00000000e2200000| Untracked 
|  35|0x00000000e2300000, 0x00000000e2300000, 0x00000000e2400000|  0%| F|  |TAMS 0x00000000e2300000, 0x00000000e2300000| Untracked 
|  36|0x00000000e2400000, 0x00000000e2400000, 0x00000000e2500000|  0%| F|  |TAMS 0x00000000e2400000, 0x00000000e2400000| Untracked 
|  37|0x00000000e2500000, 0x00000000e2500000, 0x00000000e2600000|  0%| F|  |TAMS 0x00000000e2500000, 0x00000000e2500000| Untracked 
|  38|0x00000000e2600000, 0x00000000e2600000, 0x00000000e2700000|  0%| F|  |TAMS 0x00000000e2600000, 0x00000000e2600000| Untracked 
|  39|0x00000000e2700000, 0x00000000e2700000, 0x00000000e2800000|  0%| F|  |TAMS 0x00000000e2700000, 0x00000000e2700000| Untracked 
|  40|0x00000000e2800000, 0x00000000e2800000, 0x00000000e2900000|  0%| F|  |TAMS 0x00000000e2800000, 0x00000000e2800000| Untracked 
|  41|0x00000000e2900000, 0x00000000e2900000, 0x00000000e2a00000|  0%| F|  |TAMS 0x00000000e2900000, 0x00000000e2900000| Untracked 
|  42|0x00000000e2a00000, 0x00000000e2a00000, 0x00000000e2b00000|  0%| F|  |TAMS 0x00000000e2a00000, 0x00000000e2a00000| Untracked 
|  43|0x00000000e2b00000, 0x00000000e2b00000, 0x00000000e2c00000|  0%| F|  |TAMS 0x00000000e2b00000, 0x00000000e2b00000| Untracked 
|  44|0x00000000e2c00000, 0x00000000e2c00000, 0x00000000e2d00000|  0%| F|  |TAMS 0x00000000e2c00000, 0x00000000e2c00000| Untracked 
|  45|0x00000000e2d00000, 0x00000000e2d00000, 0x00000000e2e00000|  0%| F|  |TAMS 0x00000000e2d00000, 0x00000000e2d00000| Untracked 
|  46|0x00000000e2e00000, 0x00000000e2e00000, 0x00000000e2f00000|  0%| F|  |TAMS 0x00000000e2e00000, 0x00000000e2e00000| Untracked 
|  47|0x00000000e2f00000, 0x00000000e2f00000, 0x00000000e3000000|  0%| F|  |TAMS 0x00000000e2f00000, 0x00000000e2f00000| Untracked 
|  48|0x00000000e3000000, 0x00000000e3000000, 0x00000000e3100000|  0%| F|  |TAMS 0x00000000e3000000, 0x00000000e3000000| Untracked 
|  49|0x00000000e3100000, 0x00000000e3100000, 0x00000000e3200000|  0%| F|  |TAMS 0x00000000e3100000, 0x00000000e3100000| Untracked 
|  50|0x00000000e3200000, 0x00000000e3200000, 0x00000000e3300000|  0%| F|  |TAMS 0x00000000e3200000, 0x00000000e3200000| Untracked 
|  51|0x00000000e3300000, 0x00000000e3300000, 0x00000000e3400000|  0%| F|  |TAMS 0x00000000e3300000, 0x00000000e3300000| Untracked 
|  52|0x00000000e3400000, 0x00000000e3400000, 0x00000000e3500000|  0%| F|  |TAMS 0x00000000e3400000, 0x00000000e3400000| Untracked 
|  53|0x00000000e3500000, 0x00000000e3500000, 0x00000000e3600000|  0%| F|  |TAMS 0x00000000e3500000, 0x00000000e3500000| Untracked 
|  54|0x00000000e3600000, 0x00000000e3600000, 0x00000000e3700000|  0%| F|  |TAMS 0x00000000e3600000, 0x00000000e3600000| Untracked 
|  55|0x00000000e3700000, 0x00000000e3700000, 0x00000000e3800000|  0%| F|  |TAMS 0x00000000e3700000, 0x00000000e3700000| Untracked 
|  56|0x00000000e3800000, 0x00000000e3800000, 0x00000000e3900000|  0%| F|  |TAMS 0x00000000e3800000, 0x00000000e3800000| Untracked 
|  57|0x00000000e3900000, 0x00000000e3900000, 0x00000000e3a00000|  0%| F|  |TAMS 0x00000000e3900000, 0x00000000e3900000| Untracked 
|  58|0x00000000e3a00000, 0x00000000e3a00000, 0x00000000e3b00000|  0%| F|  |TAMS 0x00000000e3a00000, 0x00000000e3a00000| Untracked 
|  59|0x00000000e3b00000, 0x00000000e3b00000, 0x00000000e3c00000|  0%| F|  |TAMS 0x00000000e3b00000, 0x00000000e3b00000| Untracked 
|  60|0x00000000e3c00000, 0x00000000e3c00000, 0x00000000e3d00000|  0%| F|  |TAMS 0x00000000e3c00000, 0x00000000e3c00000| Untracked 
|  61|0x00000000e3d00000, 0x00000000e3d00000, 0x00000000e3e00000|  0%| F|  |TAMS 0x00000000e3d00000, 0x00000000e3d00000| Untracked 
|  62|0x00000000e3e00000, 0x00000000e3e00000, 0x00000000e3f00000|  0%| F|  |TAMS 0x00000000e3e00000, 0x00000000e3e00000| Untracked 
|  63|0x00000000e3f00000, 0x00000000e3f00000, 0x00000000e4000000|  0%| F|  |TAMS 0x00000000e3f00000, 0x00000000e3f00000| Untracked 
|  64|0x00000000e4000000, 0x00000000e4000000, 0x00000000e4100000|  0%| F|  |TAMS 0x00000000e4000000, 0x00000000e4000000| Untracked 
|  65|0x00000000e4100000, 0x00000000e4100000, 0x00000000e4200000|  0%| F|  |TAMS 0x00000000e4100000, 0x00000000e4100000| Untracked 
|  66|0x00000000e4200000, 0x00000000e4200000, 0x00000000e4300000|  0%| F|  |TAMS 0x00000000e4200000, 0x00000000e4200000| Untracked 
|  67|0x00000000e4300000, 0x00000000e4300000, 0x00000000e4400000|  0%| F|  |TAMS 0x00000000e4300000, 0x00000000e4300000| Untracked 
|  68|0x00000000e4400000, 0x00000000e4400000, 0x00000000e4500000|  0%| F|  |TAMS 0x00000000e4400000, 0x00000000e4400000| Untracked 
|  69|0x00000000e4500000, 0x00000000e4500000, 0x00000000e4600000|  0%| F|  |TAMS 0x00000000e4500000, 0x00000000e4500000| Untracked 
|  70|0x00000000e4600000, 0x00000000e4600000, 0x00000000e4700000|  0%| F|  |TAMS 0x00000000e4600000, 0x00000000e4600000| Untracked 
|  71|0x00000000e4700000, 0x00000000e4700000, 0x00000000e4800000|  0%| F|  |TAMS 0x00000000e4700000, 0x00000000e4700000| Untracked 
|  72|0x00000000e4800000, 0x00000000e4800000, 0x00000000e4900000|  0%| F|  |TAMS 0x00000000e4800000, 0x00000000e4800000| Untracked 
|  73|0x00000000e4900000, 0x00000000e4900000, 0x00000000e4a00000|  0%| F|  |TAMS 0x00000000e4900000, 0x00000000e4900000| Untracked 
|  74|0x00000000e4a00000, 0x00000000e4a00000, 0x00000000e4b00000|  0%| F|  |TAMS 0x00000000e4a00000, 0x00000000e4a00000| Untracked 
|  75|0x00000000e4b00000, 0x00000000e4b00000, 0x00000000e4c00000|  0%| F|  |TAMS 0x00000000e4b00000, 0x00000000e4b00000| Untracked 
|  76|0x00000000e4c00000, 0x00000000e4c00000, 0x00000000e4d00000|  0%| F|  |TAMS 0x00000000e4c00000, 0x00000000e4c00000| Untracked 
|  77|0x00000000e4d00000, 0x00000000e4d00000, 0x00000000e4e00000|  0%| F|  |TAMS 0x00000000e4d00000, 0x00000000e4d00000| Untracked 
|  78|0x00000000e4e00000, 0x00000000e4e00000, 0x00000000e4f00000|  0%| F|  |TAMS 0x00000000e4e00000, 0x00000000e4e00000| Untracked 
|  79|0x00000000e4f00000, 0x00000000e4f00000, 0x00000000e5000000|  0%| F|  |TAMS 0x00000000e4f00000, 0x00000000e4f00000| Untracked 
|  80|0x00000000e5000000, 0x00000000e5000000, 0x00000000e5100000|  0%| F|  |TAMS 0x00000000e5000000, 0x00000000e5000000| Untracked 
|  81|0x00000000e5100000, 0x00000000e5100000, 0x00000000e5200000|  0%| F|  |TAMS 0x00000000e5100000, 0x00000000e5100000| Untracked 
|  82|0x00000000e5200000, 0x00000000e5200000, 0x00000000e5300000|  0%| F|  |TAMS 0x00000000e5200000, 0x00000000e5200000| Untracked 
|  83|0x00000000e5300000, 0x00000000e5300000, 0x00000000e5400000|  0%| F|  |TAMS 0x00000000e5300000, 0x00000000e5300000| Untracked 
|  84|0x00000000e5400000, 0x00000000e5400000, 0x00000000e5500000|  0%| F|  |TAMS 0x00000000e5400000, 0x00000000e5400000| Untracked 
|  85|0x00000000e5500000, 0x00000000e5500000, 0x00000000e5600000|  0%| F|  |TAMS 0x00000000e5500000, 0x00000000e5500000| Untracked 
|  86|0x00000000e5600000, 0x00000000e5600000, 0x00000000e5700000|  0%| F|  |TAMS 0x00000000e5600000, 0x00000000e5600000| Untracked 
|  87|0x00000000e5700000, 0x00000000e5700000, 0x00000000e5800000|  0%| F|  |TAMS 0x00000000e5700000, 0x00000000e5700000| Untracked 
|  88|0x00000000e5800000, 0x00000000e5800000, 0x00000000e5900000|  0%| F|  |TAMS 0x00000000e5800000, 0x00000000e5800000| Untracked 
|  89|0x00000000e5900000, 0x00000000e5900000, 0x00000000e5a00000|  0%| F|  |TAMS 0x00000000e5900000, 0x00000000e5900000| Untracked 
|  90|0x00000000e5a00000, 0x00000000e5a00000, 0x00000000e5b00000|  0%| F|  |TAMS 0x00000000e5a00000, 0x00000000e5a00000| Untracked 
|  91|0x00000000e5b00000, 0x00000000e5b00000, 0x00000000e5c00000|  0%| F|  |TAMS 0x00000000e5b00000, 0x00000000e5b00000| Untracked 
|  92|0x00000000e5c00000, 0x00000000e5c00000, 0x00000000e5d00000|  0%| F|  |TAMS 0x00000000e5c00000, 0x00000000e5c00000| Untracked 
|  93|0x00000000e5d00000, 0x00000000e5d00000, 0x00000000e5e00000|  0%| F|  |TAMS 0x00000000e5d00000, 0x00000000e5d00000| Untracked 
|  94|0x00000000e5e00000, 0x00000000e5e00000, 0x00000000e5f00000|  0%| F|  |TAMS 0x00000000e5e00000, 0x00000000e5e00000| Untracked 
|  95|0x00000000e5f00000, 0x00000000e5f00000, 0x00000000e6000000|  0%| F|  |TAMS 0x00000000e5f00000, 0x00000000e5f00000| Untracked 
|  96|0x00000000e6000000, 0x00000000e6000000, 0x00000000e6100000|  0%| F|  |TAMS 0x00000000e6000000, 0x00000000e6000000| Untracked 
|  97|0x00000000e6100000, 0x00000000e6100000, 0x00000000e6200000|  0%| F|  |TAMS 0x00000000e6100000, 0x00000000e6100000| Untracked 
|  98|0x00000000e6200000, 0x00000000e6200000, 0x00000000e6300000|  0%| F|  |TAMS 0x00000000e6200000, 0x00000000e6200000| Untracked 
|  99|0x00000000e6300000, 0x00000000e6300000, 0x00000000e6400000|  0%| F|  |TAMS 0x00000000e6300000, 0x00000000e6300000| Untracked 
| 100|0x00000000e6400000, 0x00000000e6400000, 0x00000000e6500000|  0%| F|  |TAMS 0x00000000e6400000, 0x00000000e6400000| Untracked 
| 101|0x00000000e6500000, 0x00000000e6500000, 0x00000000e6600000|  0%| F|  |TAMS 0x00000000e6500000, 0x00000000e6500000| Untracked 
| 102|0x00000000e6600000, 0x00000000e6600000, 0x00000000e6700000|  0%| F|  |TAMS 0x00000000e6600000, 0x00000000e6600000| Untracked 
| 103|0x00000000e6700000, 0x00000000e6800000, 0x00000000e6800000|100%| S|CS|TAMS 0x00000000e6700000, 0x00000000e6700000| Complete 
| 104|0x00000000e6800000, 0x00000000e6900000, 0x00000000e6900000|100%| S|CS|TAMS 0x00000000e6800000, 0x00000000e6800000| Complete 
| 105|0x00000000e6900000, 0x00000000e6a00000, 0x00000000e6a00000|100%| S|CS|TAMS 0x00000000e6900000, 0x00000000e6900000| Complete 
| 106|0x00000000e6a00000, 0x00000000e6b00000, 0x00000000e6b00000|100%| S|CS|TAMS 0x00000000e6a00000, 0x00000000e6a00000| Complete 
| 107|0x00000000e6b00000, 0x00000000e6c00000, 0x00000000e6c00000|100%| S|CS|TAMS 0x00000000e6b00000, 0x00000000e6b00000| Complete 
| 108|0x00000000e6c00000, 0x00000000e6d00000, 0x00000000e6d00000|100%| S|CS|TAMS 0x00000000e6c00000, 0x00000000e6c00000| Complete 
| 109|0x00000000e6d00000, 0x00000000e6e00000, 0x00000000e6e00000|100%| S|CS|TAMS 0x00000000e6d00000, 0x00000000e6d00000| Complete 
| 110|0x00000000e6e00000, 0x00000000e6f00000, 0x00000000e6f00000|100%| S|CS|TAMS 0x00000000e6e00000, 0x00000000e6e00000| Complete 
| 111|0x00000000e6f00000, 0x00000000e7000000, 0x00000000e7000000|100%| S|CS|TAMS 0x00000000e6f00000, 0x00000000e6f00000| Complete 
| 112|0x00000000e7000000, 0x00000000e7100000, 0x00000000e7100000|100%| S|CS|TAMS 0x00000000e7000000, 0x00000000e7000000| Complete 
| 113|0x00000000e7100000, 0x00000000e7200000, 0x00000000e7200000|100%| S|CS|TAMS 0x00000000e7100000, 0x00000000e7100000| Complete 
| 114|0x00000000e7200000, 0x00000000e7300000, 0x00000000e7300000|100%| S|CS|TAMS 0x00000000e7200000, 0x00000000e7200000| Complete 
| 115|0x00000000e7300000, 0x00000000e7400000, 0x00000000e7400000|100%| S|CS|TAMS 0x00000000e7300000, 0x00000000e7300000| Complete 
| 116|0x00000000e7400000, 0x00000000e7500000, 0x00000000e7500000|100%| S|CS|TAMS 0x00000000e7400000, 0x00000000e7400000| Complete 
| 117|0x00000000e7500000, 0x00000000e7600000, 0x00000000e7600000|100%| S|CS|TAMS 0x00000000e7500000, 0x00000000e7500000| Complete 
| 118|0x00000000e7600000, 0x00000000e7700000, 0x00000000e7700000|100%| S|CS|TAMS 0x00000000e7600000, 0x00000000e7600000| Complete 
| 119|0x00000000e7700000, 0x00000000e7800000, 0x00000000e7800000|100%| S|CS|TAMS 0x00000000e7700000, 0x00000000e7700000| Complete 
| 120|0x00000000e7800000, 0x00000000e7800000, 0x00000000e7900000|  0%| F|  |TAMS 0x00000000e7800000, 0x00000000e7800000| Untracked 
| 121|0x00000000e7900000, 0x00000000e7900000, 0x00000000e7a00000|  0%| F|  |TAMS 0x00000000e7900000, 0x00000000e7900000| Untracked 
| 122|0x00000000e7a00000, 0x00000000e7a00000, 0x00000000e7b00000|  0%| F|  |TAMS 0x00000000e7a00000, 0x00000000e7a00000| Untracked 
| 123|0x00000000e7b00000, 0x00000000e7b00000, 0x00000000e7c00000|  0%| F|  |TAMS 0x00000000e7b00000, 0x00000000e7b00000| Untracked 
| 124|0x00000000e7c00000, 0x00000000e7c00000, 0x00000000e7d00000|  0%| F|  |TAMS 0x00000000e7c00000, 0x00000000e7c00000| Untracked 
| 125|0x00000000e7d00000, 0x00000000e7d00000, 0x00000000e7e00000|  0%| F|  |TAMS 0x00000000e7d00000, 0x00000000e7d00000| Untracked 
| 126|0x00000000e7e00000, 0x00000000e7e00000, 0x00000000e7f00000|  0%| F|  |TAMS 0x00000000e7e00000, 0x00000000e7e00000| Untracked 
| 127|0x00000000e7f00000, 0x00000000e7f00000, 0x00000000e8000000|  0%| F|  |TAMS 0x00000000e7f00000, 0x00000000e7f00000| Untracked 
| 128|0x00000000e8000000, 0x00000000e8000000, 0x00000000e8100000|  0%| F|  |TAMS 0x00000000e8000000, 0x00000000e8000000| Untracked 
| 129|0x00000000e8100000, 0x00000000e8100000, 0x00000000e8200000|  0%| F|  |TAMS 0x00000000e8100000, 0x00000000e8100000| Untracked 
| 130|0x00000000e8200000, 0x00000000e8200000, 0x00000000e8300000|  0%| F|  |TAMS 0x00000000e8200000, 0x00000000e8200000| Untracked 
| 131|0x00000000e8300000, 0x00000000e8300000, 0x00000000e8400000|  0%| F|  |TAMS 0x00000000e8300000, 0x00000000e8300000| Untracked 
| 132|0x00000000e8400000, 0x00000000e8400000, 0x00000000e8500000|  0%| F|  |TAMS 0x00000000e8400000, 0x00000000e8400000| Untracked 
| 133|0x00000000e8500000, 0x00000000e8500000, 0x00000000e8600000|  0%| F|  |TAMS 0x00000000e8500000, 0x00000000e8500000| Untracked 
| 134|0x00000000e8600000, 0x00000000e8600000, 0x00000000e8700000|  0%| F|  |TAMS 0x00000000e8600000, 0x00000000e8600000| Untracked 
| 135|0x00000000e8700000, 0x00000000e8700000, 0x00000000e8800000|  0%| F|  |TAMS 0x00000000e8700000, 0x00000000e8700000| Untracked 
| 136|0x00000000e8800000, 0x00000000e8800000, 0x00000000e8900000|  0%| F|  |TAMS 0x00000000e8800000, 0x00000000e8800000| Untracked 
| 137|0x00000000e8900000, 0x00000000e8900000, 0x00000000e8a00000|  0%| F|  |TAMS 0x00000000e8900000, 0x00000000e8900000| Untracked 
| 138|0x00000000e8a00000, 0x00000000e8a00000, 0x00000000e8b00000|  0%| F|  |TAMS 0x00000000e8a00000, 0x00000000e8a00000| Untracked 
| 139|0x00000000e8b00000, 0x00000000e8b00000, 0x00000000e8c00000|  0%| F|  |TAMS 0x00000000e8b00000, 0x00000000e8b00000| Untracked 
| 140|0x00000000e8c00000, 0x00000000e8c00000, 0x00000000e8d00000|  0%| F|  |TAMS 0x00000000e8c00000, 0x00000000e8c00000| Untracked 
| 141|0x00000000e8d00000, 0x00000000e8d00000, 0x00000000e8e00000|  0%| F|  |TAMS 0x00000000e8d00000, 0x00000000e8d00000| Untracked 
| 142|0x00000000e8e00000, 0x00000000e8e00000, 0x00000000e8f00000|  0%| F|  |TAMS 0x00000000e8e00000, 0x00000000e8e00000| Untracked 
| 143|0x00000000e8f00000, 0x00000000e8f00000, 0x00000000e9000000|  0%| F|  |TAMS 0x00000000e8f00000, 0x00000000e8f00000| Untracked 
| 144|0x00000000e9000000, 0x00000000e9000000, 0x00000000e9100000|  0%| F|  |TAMS 0x00000000e9000000, 0x00000000e9000000| Untracked 
| 145|0x00000000e9100000, 0x00000000e9100000, 0x00000000e9200000|  0%| F|  |TAMS 0x00000000e9100000, 0x00000000e9100000| Untracked 
| 146|0x00000000e9200000, 0x00000000e9200000, 0x00000000e9300000|  0%| F|  |TAMS 0x00000000e9200000, 0x00000000e9200000| Untracked 
| 147|0x00000000e9300000, 0x00000000e9300000, 0x00000000e9400000|  0%| F|  |TAMS 0x00000000e9300000, 0x00000000e9300000| Untracked 
| 148|0x00000000e9400000, 0x00000000e9400000, 0x00000000e9500000|  0%| F|  |TAMS 0x00000000e9400000, 0x00000000e9400000| Untracked 
| 149|0x00000000e9500000, 0x00000000e9500000, 0x00000000e9600000|  0%| F|  |TAMS 0x00000000e9500000, 0x00000000e9500000| Untracked 
| 150|0x00000000e9600000, 0x00000000e9600000, 0x00000000e9700000|  0%| F|  |TAMS 0x00000000e9600000, 0x00000000e9600000| Untracked 
| 151|0x00000000e9700000, 0x00000000e9700000, 0x00000000e9800000|  0%| F|  |TAMS 0x00000000e9700000, 0x00000000e9700000| Untracked 
| 152|0x00000000e9800000, 0x00000000e9800000, 0x00000000e9900000|  0%| F|  |TAMS 0x00000000e9800000, 0x00000000e9800000| Untracked 
| 153|0x00000000e9900000, 0x00000000e9900000, 0x00000000e9a00000|  0%| F|  |TAMS 0x00000000e9900000, 0x00000000e9900000| Untracked 
| 154|0x00000000e9a00000, 0x00000000e9a00000, 0x00000000e9b00000|  0%| F|  |TAMS 0x00000000e9a00000, 0x00000000e9a00000| Untracked 
| 155|0x00000000e9b00000, 0x00000000e9b00000, 0x00000000e9c00000|  0%| F|  |TAMS 0x00000000e9b00000, 0x00000000e9b00000| Untracked 
| 156|0x00000000e9c00000, 0x00000000e9c00000, 0x00000000e9d00000|  0%| F|  |TAMS 0x00000000e9c00000, 0x00000000e9c00000| Untracked 
| 157|0x00000000e9d00000, 0x00000000e9d00000, 0x00000000e9e00000|  0%| F|  |TAMS 0x00000000e9d00000, 0x00000000e9d00000| Untracked 
| 158|0x00000000e9e00000, 0x00000000e9e00000, 0x00000000e9f00000|  0%| F|  |TAMS 0x00000000e9e00000, 0x00000000e9e00000| Untracked 
| 159|0x00000000e9f00000, 0x00000000e9f00000, 0x00000000ea000000|  0%| F|  |TAMS 0x00000000e9f00000, 0x00000000e9f00000| Untracked 
| 160|0x00000000ea000000, 0x00000000ea000000, 0x00000000ea100000|  0%| F|  |TAMS 0x00000000ea000000, 0x00000000ea000000| Untracked 
| 161|0x00000000ea100000, 0x00000000ea100000, 0x00000000ea200000|  0%| F|  |TAMS 0x00000000ea100000, 0x00000000ea100000| Untracked 
| 162|0x00000000ea200000, 0x00000000ea200000, 0x00000000ea300000|  0%| F|  |TAMS 0x00000000ea200000, 0x00000000ea200000| Untracked 
| 163|0x00000000ea300000, 0x00000000ea300000, 0x00000000ea400000|  0%| F|  |TAMS 0x00000000ea300000, 0x00000000ea300000| Untracked 
| 164|0x00000000ea400000, 0x00000000ea400000, 0x00000000ea500000|  0%| F|  |TAMS 0x00000000ea400000, 0x00000000ea400000| Untracked 
| 165|0x00000000ea500000, 0x00000000ea500000, 0x00000000ea600000|  0%| F|  |TAMS 0x00000000ea500000, 0x00000000ea500000| Untracked 
| 166|0x00000000ea600000, 0x00000000ea600000, 0x00000000ea700000|  0%| F|  |TAMS 0x00000000ea600000, 0x00000000ea600000| Untracked 
| 167|0x00000000ea700000, 0x00000000ea700000, 0x00000000ea800000|  0%| F|  |TAMS 0x00000000ea700000, 0x00000000ea700000| Untracked 
| 168|0x00000000ea800000, 0x00000000ea800000, 0x00000000ea900000|  0%| F|  |TAMS 0x00000000ea800000, 0x00000000ea800000| Untracked 
| 169|0x00000000ea900000, 0x00000000ea900000, 0x00000000eaa00000|  0%| F|  |TAMS 0x00000000ea900000, 0x00000000ea900000| Untracked 
| 170|0x00000000eaa00000, 0x00000000eaa00000, 0x00000000eab00000|  0%| F|  |TAMS 0x00000000eaa00000, 0x00000000eaa00000| Untracked 
| 171|0x00000000eab00000, 0x00000000eab00000, 0x00000000eac00000|  0%| F|  |TAMS 0x00000000eab00000, 0x00000000eab00000| Untracked 
| 172|0x00000000eac00000, 0x00000000eac00000, 0x00000000ead00000|  0%| F|  |TAMS 0x00000000eac00000, 0x00000000eac00000| Untracked 
| 173|0x00000000ead00000, 0x00000000ead00000, 0x00000000eae00000|  0%| F|  |TAMS 0x00000000ead00000, 0x00000000ead00000| Untracked 
| 174|0x00000000eae00000, 0x00000000eae80800, 0x00000000eaf00000| 50%| E|  |TAMS 0x00000000eae00000, 0x00000000eae00000| Complete 
| 175|0x00000000eaf00000, 0x00000000eb000000, 0x00000000eb000000|100%| E|CS|TAMS 0x00000000eaf00000, 0x00000000eaf00000| Complete 
| 176|0x00000000eb000000, 0x00000000eb100000, 0x00000000eb100000|100%| E|CS|TAMS 0x00000000eb000000, 0x00000000eb000000| Complete 
| 177|0x00000000eb100000, 0x00000000eb200000, 0x00000000eb200000|100%| E|CS|TAMS 0x00000000eb100000, 0x00000000eb100000| Complete 
| 178|0x00000000eb200000, 0x00000000eb300000, 0x00000000eb300000|100%| E|CS|TAMS 0x00000000eb200000, 0x00000000eb200000| Complete 
| 179|0x00000000eb300000, 0x00000000eb400000, 0x00000000eb400000|100%| E|CS|TAMS 0x00000000eb300000, 0x00000000eb300000| Complete 
| 180|0x00000000eb400000, 0x00000000eb500000, 0x00000000eb500000|100%| E|CS|TAMS 0x00000000eb400000, 0x00000000eb400000| Complete 
| 181|0x00000000eb500000, 0x00000000eb600000, 0x00000000eb600000|100%| E|CS|TAMS 0x00000000eb500000, 0x00000000eb500000| Complete 
| 182|0x00000000eb600000, 0x00000000eb700000, 0x00000000eb700000|100%| E|CS|TAMS 0x00000000eb600000, 0x00000000eb600000| Complete 
| 183|0x00000000eb700000, 0x00000000eb800000, 0x00000000eb800000|100%| E|CS|TAMS 0x00000000eb700000, 0x00000000eb700000| Complete 
| 184|0x00000000eb800000, 0x00000000eb900000, 0x00000000eb900000|100%| E|CS|TAMS 0x00000000eb800000, 0x00000000eb800000| Complete 
| 185|0x00000000eb900000, 0x00000000eba00000, 0x00000000eba00000|100%| E|CS|TAMS 0x00000000eb900000, 0x00000000eb900000| Complete 
| 186|0x00000000eba00000, 0x00000000ebb00000, 0x00000000ebb00000|100%| E|CS|TAMS 0x00000000eba00000, 0x00000000eba00000| Complete 
| 187|0x00000000ebb00000, 0x00000000ebc00000, 0x00000000ebc00000|100%| E|CS|TAMS 0x00000000ebb00000, 0x00000000ebb00000| Complete 
| 188|0x00000000ebc00000, 0x00000000ebd00000, 0x00000000ebd00000|100%| E|CS|TAMS 0x00000000ebc00000, 0x00000000ebc00000| Complete 
| 189|0x00000000ebd00000, 0x00000000ebe00000, 0x00000000ebe00000|100%| E|CS|TAMS 0x00000000ebd00000, 0x00000000ebd00000| Complete 
| 190|0x00000000ebe00000, 0x00000000ebf00000, 0x00000000ebf00000|100%| E|CS|TAMS 0x00000000ebe00000, 0x00000000ebe00000| Complete 
| 191|0x00000000ebf00000, 0x00000000ec000000, 0x00000000ec000000|100%| E|CS|TAMS 0x00000000ebf00000, 0x00000000ebf00000| Complete 
| 192|0x00000000ec000000, 0x00000000ec100000, 0x00000000ec100000|100%| E|CS|TAMS 0x00000000ec000000, 0x00000000ec000000| Complete 
| 193|0x00000000ec100000, 0x00000000ec200000, 0x00000000ec200000|100%| E|CS|TAMS 0x00000000ec100000, 0x00000000ec100000| Complete 
| 194|0x00000000ec200000, 0x00000000ec300000, 0x00000000ec300000|100%| E|CS|TAMS 0x00000000ec200000, 0x00000000ec200000| Complete 
| 195|0x00000000ec300000, 0x00000000ec400000, 0x00000000ec400000|100%| E|CS|TAMS 0x00000000ec300000, 0x00000000ec300000| Complete 
| 196|0x00000000ec400000, 0x00000000ec500000, 0x00000000ec500000|100%| E|CS|TAMS 0x00000000ec400000, 0x00000000ec400000| Complete 
| 197|0x00000000ec500000, 0x00000000ec600000, 0x00000000ec600000|100%| E|CS|TAMS 0x00000000ec500000, 0x00000000ec500000| Complete 
| 198|0x00000000ec600000, 0x00000000ec700000, 0x00000000ec700000|100%| E|CS|TAMS 0x00000000ec600000, 0x00000000ec600000| Complete 
| 199|0x00000000ec700000, 0x00000000ec800000, 0x00000000ec800000|100%| E|CS|TAMS 0x00000000ec700000, 0x00000000ec700000| Complete 
| 200|0x00000000ec800000, 0x00000000ec900000, 0x00000000ec900000|100%| E|CS|TAMS 0x00000000ec800000, 0x00000000ec800000| Complete 
| 201|0x00000000ec900000, 0x00000000eca00000, 0x00000000eca00000|100%| E|CS|TAMS 0x00000000ec900000, 0x00000000ec900000| Complete 
| 202|0x00000000eca00000, 0x00000000ecb00000, 0x00000000ecb00000|100%| E|CS|TAMS 0x00000000eca00000, 0x00000000eca00000| Complete 
| 203|0x00000000ecb00000, 0x00000000ecc00000, 0x00000000ecc00000|100%| E|CS|TAMS 0x00000000ecb00000, 0x00000000ecb00000| Complete 
| 204|0x00000000ecc00000, 0x00000000ecd00000, 0x00000000ecd00000|100%| E|CS|TAMS 0x00000000ecc00000, 0x00000000ecc00000| Complete 
| 205|0x00000000ecd00000, 0x00000000ece00000, 0x00000000ece00000|100%| E|CS|TAMS 0x00000000ecd00000, 0x00000000ecd00000| Complete 
| 206|0x00000000ece00000, 0x00000000ecf00000, 0x00000000ecf00000|100%| E|CS|TAMS 0x00000000ece00000, 0x00000000ece00000| Complete 
| 207|0x00000000ecf00000, 0x00000000ed000000, 0x00000000ed000000|100%| E|CS|TAMS 0x00000000ecf00000, 0x00000000ecf00000| Complete 
| 208|0x00000000ed000000, 0x00000000ed100000, 0x00000000ed100000|100%| E|CS|TAMS 0x00000000ed000000, 0x00000000ed000000| Complete 
| 209|0x00000000ed100000, 0x00000000ed200000, 0x00000000ed200000|100%| E|CS|TAMS 0x00000000ed100000, 0x00000000ed100000| Complete 
| 210|0x00000000ed200000, 0x00000000ed300000, 0x00000000ed300000|100%| E|CS|TAMS 0x00000000ed200000, 0x00000000ed200000| Complete 
| 211|0x00000000ed300000, 0x00000000ed400000, 0x00000000ed400000|100%| E|CS|TAMS 0x00000000ed300000, 0x00000000ed300000| Complete 
| 212|0x00000000ed400000, 0x00000000ed500000, 0x00000000ed500000|100%| E|CS|TAMS 0x00000000ed400000, 0x00000000ed400000| Complete 
| 213|0x00000000ed500000, 0x00000000ed600000, 0x00000000ed600000|100%| E|CS|TAMS 0x00000000ed500000, 0x00000000ed500000| Complete 
| 214|0x00000000ed600000, 0x00000000ed700000, 0x00000000ed700000|100%| E|CS|TAMS 0x00000000ed600000, 0x00000000ed600000| Complete 
| 215|0x00000000ed700000, 0x00000000ed800000, 0x00000000ed800000|100%| E|CS|TAMS 0x00000000ed700000, 0x00000000ed700000| Complete 
| 216|0x00000000ed800000, 0x00000000ed900000, 0x00000000ed900000|100%| E|CS|TAMS 0x00000000ed800000, 0x00000000ed800000| Complete 
| 217|0x00000000ed900000, 0x00000000eda00000, 0x00000000eda00000|100%| E|CS|TAMS 0x00000000ed900000, 0x00000000ed900000| Complete 
| 218|0x00000000eda00000, 0x00000000edb00000, 0x00000000edb00000|100%| E|CS|TAMS 0x00000000eda00000, 0x00000000eda00000| Complete 
| 219|0x00000000edb00000, 0x00000000edc00000, 0x00000000edc00000|100%| E|CS|TAMS 0x00000000edb00000, 0x00000000edb00000| Complete 
| 220|0x00000000edc00000, 0x00000000edd00000, 0x00000000edd00000|100%| E|CS|TAMS 0x00000000edc00000, 0x00000000edc00000| Complete 
| 221|0x00000000edd00000, 0x00000000ede00000, 0x00000000ede00000|100%| E|CS|TAMS 0x00000000edd00000, 0x00000000edd00000| Complete 
| 222|0x00000000ede00000, 0x00000000edf00000, 0x00000000edf00000|100%| E|CS|TAMS 0x00000000ede00000, 0x00000000ede00000| Complete 
| 223|0x00000000edf00000, 0x00000000ee000000, 0x00000000ee000000|100%| E|CS|TAMS 0x00000000edf00000, 0x00000000edf00000| Complete 
| 224|0x00000000ee000000, 0x00000000ee100000, 0x00000000ee100000|100%| E|CS|TAMS 0x00000000ee000000, 0x00000000ee000000| Complete 
| 225|0x00000000ee100000, 0x00000000ee200000, 0x00000000ee200000|100%| E|CS|TAMS 0x00000000ee100000, 0x00000000ee100000| Complete 
| 226|0x00000000ee200000, 0x00000000ee300000, 0x00000000ee300000|100%| E|CS|TAMS 0x00000000ee200000, 0x00000000ee200000| Complete 
| 227|0x00000000ee300000, 0x00000000ee400000, 0x00000000ee400000|100%| E|CS|TAMS 0x00000000ee300000, 0x00000000ee300000| Complete 
| 228|0x00000000ee400000, 0x00000000ee500000, 0x00000000ee500000|100%| E|CS|TAMS 0x00000000ee400000, 0x00000000ee400000| Complete 
| 229|0x00000000ee500000, 0x00000000ee600000, 0x00000000ee600000|100%| E|CS|TAMS 0x00000000ee500000, 0x00000000ee500000| Complete 
| 230|0x00000000ee600000, 0x00000000ee700000, 0x00000000ee700000|100%| E|CS|TAMS 0x00000000ee600000, 0x00000000ee600000| Complete 
| 231|0x00000000ee700000, 0x00000000ee800000, 0x00000000ee800000|100%| E|CS|TAMS 0x00000000ee700000, 0x00000000ee700000| Complete 
| 232|0x00000000ee800000, 0x00000000ee900000, 0x00000000ee900000|100%| E|CS|TAMS 0x00000000ee800000, 0x00000000ee800000| Complete 
| 233|0x00000000ee900000, 0x00000000eea00000, 0x00000000eea00000|100%| E|CS|TAMS 0x00000000ee900000, 0x00000000ee900000| Complete 
| 234|0x00000000eea00000, 0x00000000eeb00000, 0x00000000eeb00000|100%| E|CS|TAMS 0x00000000eea00000, 0x00000000eea00000| Complete 
| 235|0x00000000eeb00000, 0x00000000eec00000, 0x00000000eec00000|100%| E|CS|TAMS 0x00000000eeb00000, 0x00000000eeb00000| Complete 
| 236|0x00000000eec00000, 0x00000000eed00000, 0x00000000eed00000|100%| E|CS|TAMS 0x00000000eec00000, 0x00000000eec00000| Complete 
| 237|0x00000000eed00000, 0x00000000eee00000, 0x00000000eee00000|100%| E|CS|TAMS 0x00000000eed00000, 0x00000000eed00000| Complete 
| 238|0x00000000eee00000, 0x00000000eef00000, 0x00000000eef00000|100%| E|CS|TAMS 0x00000000eee00000, 0x00000000eee00000| Complete 
| 239|0x00000000eef00000, 0x00000000ef000000, 0x00000000ef000000|100%| E|CS|TAMS 0x00000000eef00000, 0x00000000eef00000| Complete 
| 240|0x00000000ef000000, 0x00000000ef100000, 0x00000000ef100000|100%| E|CS|TAMS 0x00000000ef000000, 0x00000000ef000000| Complete 
| 241|0x00000000ef100000, 0x00000000ef200000, 0x00000000ef200000|100%| E|CS|TAMS 0x00000000ef100000, 0x00000000ef100000| Complete 
| 242|0x00000000ef200000, 0x00000000ef300000, 0x00000000ef300000|100%| E|CS|TAMS 0x00000000ef200000, 0x00000000ef200000| Complete 
| 243|0x00000000ef300000, 0x00000000ef400000, 0x00000000ef400000|100%| E|CS|TAMS 0x00000000ef300000, 0x00000000ef300000| Complete 
| 244|0x00000000ef400000, 0x00000000ef500000, 0x00000000ef500000|100%| E|CS|TAMS 0x00000000ef400000, 0x00000000ef400000| Complete 
| 245|0x00000000ef500000, 0x00000000ef600000, 0x00000000ef600000|100%| E|CS|TAMS 0x00000000ef500000, 0x00000000ef500000| Complete 
| 246|0x00000000ef600000, 0x00000000ef700000, 0x00000000ef700000|100%| E|CS|TAMS 0x00000000ef600000, 0x00000000ef600000| Complete 
| 247|0x00000000ef700000, 0x00000000ef800000, 0x00000000ef800000|100%| E|CS|TAMS 0x00000000ef700000, 0x00000000ef700000| Complete 
| 248|0x00000000ef800000, 0x00000000ef900000, 0x00000000ef900000|100%| E|CS|TAMS 0x00000000ef800000, 0x00000000ef800000| Complete 
| 249|0x00000000ef900000, 0x00000000efa00000, 0x00000000efa00000|100%| E|CS|TAMS 0x00000000ef900000, 0x00000000ef900000| Complete 
| 250|0x00000000efa00000, 0x00000000efb00000, 0x00000000efb00000|100%| E|CS|TAMS 0x00000000efa00000, 0x00000000efa00000| Complete 
| 251|0x00000000efb00000, 0x00000000efc00000, 0x00000000efc00000|100%| E|CS|TAMS 0x00000000efb00000, 0x00000000efb00000| Complete 
| 252|0x00000000efc00000, 0x00000000efd00000, 0x00000000efd00000|100%| E|CS|TAMS 0x00000000efc00000, 0x00000000efc00000| Complete 
| 253|0x00000000efd00000, 0x00000000efe00000, 0x00000000efe00000|100%| E|CS|TAMS 0x00000000efd00000, 0x00000000efd00000| Complete 
| 254|0x00000000efe00000, 0x00000000eff00000, 0x00000000eff00000|100%| E|CS|TAMS 0x00000000efe00000, 0x00000000efe00000| Complete 
| 255|0x00000000eff00000, 0x00000000f0000000, 0x00000000f0000000|100%| E|CS|TAMS 0x00000000eff00000, 0x00000000eff00000| Complete 

Card table byte_map: [0x000001ea312d0000,0x000001ea313d0000] _byte_map_base: 0x000001ea30bd0000

Marking Bits (Prev, Next): (CMBitMap*) 0x000001ea1a0e01a8, (CMBitMap*) 0x000001ea1a0e01e0
 Prev Bits: [0x000001ea314d0000, 0x000001ea31cd0000)
 Next Bits: [0x000001ea31cd0000, 0x000001ea324d0000)

Polling page: 0x000001ea18890000

Metaspace:

Usage:
  Non-class:     40.52 MB capacity,    39.89 MB ( 98%) used,   552.32 KB (  1%) free+waste,    88.56 KB ( <1%) overhead. 
      Class:      6.25 MB capacity,     5.88 MB ( 94%) used,   328.85 KB (  5%) free+waste,    41.69 KB ( <1%) overhead. 
       Both:     46.76 MB capacity,    45.77 MB ( 98%) used,   881.17 KB (  2%) free+waste,   130.25 KB ( <1%) overhead. 

Virtual space:
  Non-class space:       42.00 MB reserved,      40.75 MB ( 97%) committed 
      Class space:      248.00 MB reserved,       6.25 MB (  3%) committed 
             Both:      290.00 MB reserved,      47.00 MB ( 16%) committed 

Chunk freelists:
   Non-Class:  6.00 KB
       Class:  640 bytes
        Both:  6.63 KB

CodeHeap 'non-profiled nmethods': size=120000Kb used=3607Kb max_used=3607Kb free=116392Kb
 bounds [0x000001ea29240000, 0x000001ea295d0000, 0x000001ea30770000]
CodeHeap 'profiled nmethods': size=120000Kb used=12390Kb max_used=12390Kb free=107609Kb
 bounds [0x000001ea21d10000, 0x000001ea22930000, 0x000001ea29240000]
CodeHeap 'non-nmethods': size=5760Kb used=2197Kb max_used=2262Kb free=3562Kb
 bounds [0x000001ea21770000, 0x000001ea219e0000, 0x000001ea21d10000]
 total_blobs=6596 nmethods=5839 adapters=668
 compilation: enabled
              stopped_count=0, restarted_count=0
 full_count=0

Compilation events (10 events):
Event: 6.549 Thread 0x000001ea34f43000 5841       3       io.spring.gradle.dependencymanagement.org.apache.maven.model.building.ModelData::getId (48 bytes)
Event: 6.550 Thread 0x000001ea34f43000 nmethod 5841 0x000001ea2290c190 code [0x000001ea2290c440, 0x000001ea2290cff8]
Event: 6.571 Thread 0x000001ea34f43000 5842   !   3       io.spring.gradle.dependencymanagement.org.apache.maven.model.FileSet::clone (51 bytes)
Event: 6.572 Thread 0x000001ea34f43000 nmethod 5842 0x000001ea2290d410 code [0x000001ea2290d6a0, 0x000001ea2290e2e8]
Event: 6.573 Thread 0x000001ea34f43000 5843       3       org.gradle.api.internal.DefaultDomainObjectSet::<init> (21 bytes)
Event: 6.574 Thread 0x000001ea34f43000 nmethod 5843 0x000001ea2290e790 code [0x000001ea2290ea60, 0x000001ea2290fc08]
Event: 6.574 Thread 0x000001ea34f43000 5844       3       org.gradle.internal.Describables::of (10 bytes)
Event: 6.574 Thread 0x000001ea34f43000 nmethod 5844 0x000001ea22910190 code [0x000001ea22910340, 0x000001ea229106b8]
Event: 6.575 Thread 0x000001ea34f43000 5845       1       org.gradle.api.internal.artifacts.configurations.DefaultConfiguration::isVisible (5 bytes)
Event: 6.575 Thread 0x000001ea34f43000 nmethod 5845 0x000001ea295c4190 code [0x000001ea295c4320, 0x000001ea295c43d8]

GC Heap History (10 events):
Event: 2.163 GC heap before
{Heap before GC invocations=1 (full 0):
 garbage-first heap   total 262144K, used 92737K [0x00000000e0000000, 0x0000000100000000)
  region size 1024K, 87 young (89088K), 3 survivors (3072K)
 Metaspace       used 20691K, capacity 21197K, committed 21248K, reserved 272384K
  class space    used 2613K, capacity 2786K, committed 2816K, reserved 253952K
}
Event: 2.170 GC heap after
{Heap after GC invocations=2 (full 0):
 garbage-first heap   total 262144K, used 16278K [0x00000000e0000000, 0x0000000100000000)
  region size 1024K, 11 young (11264K), 11 survivors (11264K)
 Metaspace       used 20691K, capacity 21197K, committed 21248K, reserved 272384K
  class space    used 2613K, capacity 2786K, committed 2816K, reserved 253952K
}
Event: 2.892 GC heap before
{Heap before GC invocations=3 (full 0):
 garbage-first heap   total 262144K, used 69526K [0x00000000e0000000, 0x0000000100000000)
  region size 1024K, 61 young (62464K), 11 survivors (11264K)
 Metaspace       used 30692K, capacity 31273K, committed 31488K, reserved 282624K
  class space    used 3821K, capacity 4055K, committed 4096K, reserved 253952K
}
Event: 2.899 GC heap after
{Heap after GC invocations=4 (full 0):
 garbage-first heap   total 262144K, used 20212K [0x00000000e0000000, 0x0000000100000000)
  region size 1024K, 5 young (5120K), 5 survivors (5120K)
 Metaspace       used 30692K, capacity 31273K, committed 31488K, reserved 282624K
  class space    used 3821K, capacity 4055K, committed 4096K, reserved 253952K
}
Event: 3.373 GC heap before
{Heap before GC invocations=4 (full 0):
 garbage-first heap   total 262144K, used 56052K [0x00000000e0000000, 0x0000000100000000)
  region size 1024K, 42 young (43008K), 5 survivors (5120K)
 Metaspace       used 35054K, capacity 35737K, committed 35840K, reserved 286720K
  class space    used 4378K, capacity 4643K, committed 4736K, reserved 253952K
}
Event: 3.378 GC heap after
{Heap after GC invocations=5 (full 0):
 garbage-first heap   total 262144K, used 21955K [0x00000000e0000000, 0x0000000100000000)
  region size 1024K, 6 young (6144K), 6 survivors (6144K)
 Metaspace       used 35054K, capacity 35737K, committed 35840K, reserved 286720K
  class space    used 4378K, capacity 4643K, committed 4736K, reserved 253952K
}
Event: 4.546 GC heap before
{Heap before GC invocations=6 (full 0):
 garbage-first heap   total 262144K, used 129475K [0x00000000e0000000, 0x0000000100000000)
  region size 1024K, 111 young (113664K), 6 survivors (6144K)
 Metaspace       used 43691K, capacity 44682K, committed 44800K, reserved 292864K
  class space    used 5759K, capacity 6126K, committed 6144K, reserved 253952K
}
Event: 4.554 GC heap after
{Heap after GC invocations=7 (full 0):
 garbage-first heap   total 262144K, used 26963K [0x00000000e0000000, 0x0000000100000000)
  region size 1024K, 11 young (11264K), 11 survivors (11264K)
 Metaspace       used 43691K, capacity 44682K, committed 44800K, reserved 292864K
  class space    used 5759K, capacity 6126K, committed 6144K, reserved 253952K
}
Event: 5.786 GC heap before
{Heap before GC invocations=7 (full 0):
 garbage-first heap   total 262144K, used 154963K [0x00000000e0000000, 0x0000000100000000)
  region size 1024K, 136 young (139264K), 11 survivors (11264K)
 Metaspace       used 46524K, capacity 47473K, committed 47616K, reserved 296960K
  class space    used 6018K, capacity 6389K, committed 6400K, reserved 253952K
}
Event: 5.802 GC heap after
{Heap after GC invocations=8 (full 0):
 garbage-first heap   total 262144K, used 36946K [0x00000000e0000000, 0x0000000100000000)
  region size 1024K, 17 young (17408K), 17 survivors (17408K)
 Metaspace       used 46524K, capacity 47473K, committed 47616K, reserved 296960K
  class space    used 6018K, capacity 6389K, committed 6400K, reserved 253952K
}

Deoptimization events (10 events):
Event: 5.980 Thread 0x000001ea36985800 Uncommon trap: reason=unstable_if action=reinterpret pc=0x000001ea294791c0 method=java.lang.String.indexOf(Ljava/lang/String;)I @ 8 c2
Event: 5.985 Thread 0x000001ea36985800 Uncommon trap: reason=unstable_if action=reinterpret pc=0x000001ea29261cb8 method=java.lang.String.indexOf(II)I @ 4 c2
Event: 6.039 Thread 0x000001ea36985800 Uncommon trap: reason=profile_predicate action=maybe_recompile pc=0x000001ea2956c514 method=io.spring.gradle.dependencymanagement.org.apache.maven.model.interpolation.StringSearchModelInterpolator$InterpolateObjectAction.interpolateMapField(Ljava/lang/Obj
Event: 6.039 Thread 0x000001ea36985800 Uncommon trap: reason=profile_predicate action=maybe_recompile pc=0x000001ea2956c514 method=io.spring.gradle.dependencymanagement.org.apache.maven.model.interpolation.StringSearchModelInterpolator$InterpolateObjectAction.interpolateMapField(Ljava/lang/Obj
Event: 6.039 Thread 0x000001ea36985800 Uncommon trap: reason=profile_predicate action=maybe_recompile pc=0x000001ea2956c514 method=io.spring.gradle.dependencymanagement.org.apache.maven.model.interpolation.StringSearchModelInterpolator$InterpolateObjectAction.interpolateMapField(Ljava/lang/Obj
Event: 6.039 Thread 0x000001ea36985800 Uncommon trap: reason=profile_predicate action=maybe_recompile pc=0x000001ea2956c514 method=io.spring.gradle.dependencymanagement.org.apache.maven.model.interpolation.StringSearchModelInterpolator$InterpolateObjectAction.interpolateMapField(Ljava/lang/Obj
Event: 6.058 Thread 0x000001ea36985800 Uncommon trap: reason=unstable_if action=reinterpret pc=0x000001ea29549310 method=io.spring.gradle.dependencymanagement.org.codehaus.plexus.util.xml.pull.MXParser.nextImpl()I @ 557 c2
Event: 6.299 Thread 0x000001ea36985800 Uncommon trap: reason=profile_predicate action=maybe_recompile pc=0x000001ea295843d8 method=io.spring.gradle.dependencymanagement.org.apache.maven.model.interpolation.StringSearchModelInterpolator$InterpolateObjectAction.interpolateMapField(Ljava/lang/Obj
Event: 6.457 Thread 0x000001ea36985800 Uncommon trap: reason=unstable_if action=reinterpret pc=0x000001ea295aa4e4 method=io.spring.gradle.dependencymanagement.org.codehaus.plexus.interpolation.StringSearchInterpolator.interpolate(Ljava/lang/String;Lio/spring/gradle/dependencymanagement/org/cod
Event: 6.539 Thread 0x000001ea36985800 Uncommon trap: reason=predicate action=maybe_recompile pc=0x000001ea295c3a30 method=java.util.AbstractCollection.toArray([Ljava/lang/Object;)[Ljava/lang/Object; @ 43 c2

Classes redefined (0 events):
No events

Internal exceptions (10 events):
Event: 4.744 Thread 0x000001ea36985800 Exception <a 'java/lang/ClassNotFoundException'{0x00000000ee07e718}: groovy/lang/GString$1BeanInfo> (0x00000000ee07e718) thrown at [./open/src/hotspot/share/classfile/systemDictionary.cpp, line 226]
Event: 4.745 Thread 0x000001ea36985800 Exception <a 'java/lang/ClassNotFoundException'{0x00000000ee098e60}: groovy/lang/GStringBeanInfo> (0x00000000ee098e60) thrown at [./open/src/hotspot/share/classfile/systemDictionary.cpp, line 226]
Event: 4.745 Thread 0x000001ea36985800 Exception <a 'java/lang/ClassNotFoundException'{0x00000000ee0b3090}: groovy/lang/GStringCustomizer> (0x00000000ee0b3090) thrown at [./open/src/hotspot/share/classfile/systemDictionary.cpp, line 226]
Event: 4.747 Thread 0x000001ea36985800 Exception <a 'java/lang/ClassNotFoundException'{0x00000000ee0d6790}: groovy/lang/GString$1Customizer> (0x00000000ee0d6790) thrown at [./open/src/hotspot/share/classfile/systemDictionary.cpp, line 226]
Event: 4.751 Thread 0x000001ea36985800 Exception <a 'java/lang/ClassNotFoundException'{0x00000000edfab7d8}: org/gradle/api/internal/file/collections/DefaultConfigurableFileCollectionBeanInfo> (0x00000000edfab7d8) thrown at [./open/src/hotspot/share/classfile/systemDictionary.cpp, line 226]
Event: 4.752 Thread 0x000001ea36985800 Exception <a 'java/lang/ClassNotFoundException'{0x00000000edfcbfd0}: org/gradle/api/internal/file/CompositeFileCollectionBeanInfo> (0x00000000edfcbfd0) thrown at [./open/src/hotspot/share/classfile/systemDictionary.cpp, line 226]
Event: 4.752 Thread 0x000001ea36985800 Exception <a 'java/lang/ClassNotFoundException'{0x00000000edfec588}: org/gradle/api/internal/file/CompositeFileCollectionCustomizer> (0x00000000edfec588) thrown at [./open/src/hotspot/share/classfile/systemDictionary.cpp, line 226]
Event: 4.753 Thread 0x000001ea36985800 Exception <a 'java/lang/ClassNotFoundException'{0x00000000ede1c198}: org/gradle/api/internal/file/collections/DefaultConfigurableFileCollectionCustomizer> (0x00000000ede1c198) thrown at [./open/src/hotspot/share/classfile/systemDictionary.cpp, line 226]
Event: 4.921 Thread 0x000001ea36985800 Implicit null exception at 0x000001ea294765cf to 0x000001ea29477684
Event: 5.842 Thread 0x000001ea36985800 Implicit null exception at 0x000001ea295532af to 0x000001ea29553300

Events (10 events):
Event: 6.299 Thread 0x000001ea36985800 DEOPT PACKING pc=0x000001ea295843d8 sp=0x00000074729f55f0
Event: 6.299 Thread 0x000001ea36985800 DEOPT UNPACKING pc=0x000001ea217965af sp=0x00000074729f5540 mode 2
Event: 6.398 Thread 0x000001ea36985800 DEOPT PACKING pc=0x000001ea22670540 sp=0x00000074729f6df0
Event: 6.398 Thread 0x000001ea36985800 DEOPT UNPACKING pc=0x000001ea21796d5e sp=0x00000074729f62e8 mode 0
Event: 6.457 Thread 0x000001ea36985800 Uncommon trap: trap_request=0xffffff4d fr.pc=0x000001ea295aa4e4 relative=0x0000000000006224
Event: 6.457 Thread 0x000001ea36985800 DEOPT PACKING pc=0x000001ea295aa4e4 sp=0x00000074729f53a0
Event: 6.457 Thread 0x000001ea36985800 DEOPT UNPACKING pc=0x000001ea217965af sp=0x00000074729f53a0 mode 2
Event: 6.539 Thread 0x000001ea36985800 Uncommon trap: trap_request=0xffffff7e fr.pc=0x000001ea295c3a30 relative=0x00000000000008b0
Event: 6.539 Thread 0x000001ea36985800 DEOPT PACKING pc=0x000001ea295c3a30 sp=0x00000074729f6590
Event: 6.539 Thread 0x000001ea36985800 DEOPT UNPACKING pc=0x000001ea217965af sp=0x00000074729f64d8 mode 2


Dynamic libraries:
0x00007ff6477f0000 - 0x00007ff6477ff000 	C:\Program Files\Java\jdk-11.0.16\bin\java.exe
0x00007ffb41f90000 - 0x00007ffb42188000 	C:\Windows\SYSTEM32\ntdll.dll
0x00007ffb41180000 - 0x00007ffb4123f000 	C:\Windows\System32\KERNEL32.DLL
0x00007ffb3f700000 - 0x00007ffb3f9d2000 	C:\Windows\System32\KERNELBASE.dll
0x00007ffb3fa10000 - 0x00007ffb3fb10000 	C:\Windows\System32\ucrtbase.dll
0x00007ffb35820000 - 0x00007ffb35835000 	C:\Program Files\Java\jdk-11.0.16\bin\VCRUNTIME140.dll
0x00007ffb36340000 - 0x00007ffb36358000 	C:\Program Files\Java\jdk-11.0.16\bin\jli.dll
0x00007ffb41cd0000 - 0x00007ffb41d7e000 	C:\Windows\System32\ADVAPI32.dll
0x00007ffb41d80000 - 0x00007ffb41e1e000 	C:\Windows\System32\msvcrt.dll
0x00007ffb3ffe0000 - 0x00007ffb4007c000 	C:\Windows\System32\sechost.dll
0x00007ffb407f0000 - 0x00007ffb40915000 	C:\Windows\System32\RPCRT4.dll
0x00007ffb41240000 - 0x00007ffb413dd000 	C:\Windows\System32\USER32.dll
0x00007ffb3f9e0000 - 0x00007ffb3fa02000 	C:\Windows\System32\win32u.dll
0x00007ffb2a7e0000 - 0x00007ffb2aa7a000 	C:\Windows\WinSxS\amd64_microsoft.windows.common-controls_6595b64144ccf1df_6.0.19041.1110_none_60b5254171f9507e\COMCTL32.dll
0x00007ffb40f20000 - 0x00007ffb40f4b000 	C:\Windows\System32\GDI32.dll
0x00007ffb3fc70000 - 0x00007ffb3fd7f000 	C:\Windows\System32\gdi32full.dll
0x00007ffb3fe40000 - 0x00007ffb3fedd000 	C:\Windows\System32\msvcp_win.dll
0x00007ffb3c150000 - 0x00007ffb3c15a000 	C:\Windows\SYSTEM32\VERSION.dll
0x00007ffb41020000 - 0x00007ffb41052000 	C:\Windows\System32\IMM32.DLL
0x00007ffb06f60000 - 0x00007ffb06ffb000 	C:\Program Files\Java\jdk-11.0.16\bin\msvcp140.dll
0x00007ffafd970000 - 0x00007ffafe488000 	C:\Program Files\Java\jdk-11.0.16\bin\server\jvm.dll
0x00007ffb40480000 - 0x00007ffb40488000 	C:\Windows\System32\PSAPI.DLL
0x00007ffb28850000 - 0x00007ffb28877000 	C:\Windows\SYSTEM32\WINMM.dll
0x00007ffb30490000 - 0x00007ffb30499000 	C:\Windows\SYSTEM32\WSOCK32.dll
0x00007ffb413e0000 - 0x00007ffb4144b000 	C:\Windows\System32\WS2_32.dll
0x00007ffb3df30000 - 0x00007ffb3df42000 	C:\Windows\SYSTEM32\kernel.appcore.dll
0x00007ffb362e0000 - 0x00007ffb362f0000 	C:\Program Files\Java\jdk-11.0.16\bin\verify.dll
0x00007ffb3dce0000 - 0x00007ffb3dec4000 	C:\Windows\SYSTEM32\DBGHELP.DLL
0x00007ffb376f0000 - 0x00007ffb3771c000 	C:\Windows\SYSTEM32\dbgcore.DLL
0x00007ffb3fdb0000 - 0x00007ffb3fe32000 	C:\Windows\System32\bcryptPrimitives.dll
0x00007ffb2aad0000 - 0x00007ffb2aaf8000 	C:\Program Files\Java\jdk-11.0.16\bin\java.dll
0x00007ffb35db0000 - 0x00007ffb35dba000 	C:\Program Files\Java\jdk-11.0.16\bin\jimage.dll
0x00007ffb340a0000 - 0x00007ffb340b6000 	C:\Program Files\Java\jdk-11.0.16\bin\zip.dll
0x00007ffb41450000 - 0x00007ffb41b93000 	C:\Windows\System32\SHELL32.dll
0x00007ffb3d540000 - 0x00007ffb3dcd2000 	C:\Windows\SYSTEM32\windows.storage.dll
0x00007ffb40490000 - 0x00007ffb407e4000 	C:\Windows\System32\combase.dll
0x00007ffb3f0f0000 - 0x00007ffb3f120000 	C:\Windows\SYSTEM32\Wldp.dll
0x00007ffb40340000 - 0x00007ffb403ed000 	C:\Windows\System32\SHCORE.dll
0x00007ffb402e0000 - 0x00007ffb40335000 	C:\Windows\System32\shlwapi.dll
0x00007ffb3f5d0000 - 0x00007ffb3f5ef000 	C:\Windows\SYSTEM32\profapi.dll
0x00007ffb332f0000 - 0x00007ffb33309000 	C:\Program Files\Java\jdk-11.0.16\bin\net.dll
0x00007ffb36560000 - 0x00007ffb3666c000 	C:\Windows\SYSTEM32\WINHTTP.dll
0x00007ffb3ee50000 - 0x00007ffb3eeba000 	C:\Windows\system32\mswsock.dll
0x00007ffb28510000 - 0x00007ffb28522000 	C:\Program Files\Java\jdk-11.0.16\bin\nio.dll
0x00007ffb0a890000 - 0x00007ffb0a8b6000 	C:\Users\Games\.gradle\native\30\windows-amd64\native-platform.dll
0x00007ffb3b180000 - 0x00007ffb3b189000 	C:\Program Files\Java\jdk-11.0.16\bin\management.dll
0x00007ffb3b170000 - 0x00007ffb3b17b000 	C:\Program Files\Java\jdk-11.0.16\bin\management_ext.dll
0x00007ffb3f050000 - 0x00007ffb3f068000 	C:\Windows\SYSTEM32\CRYPTSP.dll
0x00007ffb3e700000 - 0x00007ffb3e734000 	C:\Windows\system32\rsaenh.dll
0x00007ffb3fd80000 - 0x00007ffb3fda7000 	C:\Windows\System32\bcrypt.dll
0x00007ffb3f550000 - 0x00007ffb3f57e000 	C:\Windows\SYSTEM32\USERENV.dll
0x00007ffb3f040000 - 0x00007ffb3f04c000 	C:\Windows\SYSTEM32\CRYPTBASE.dll
0x00007ffb3eaf0000 - 0x00007ffb3eb2b000 	C:\Windows\SYSTEM32\IPHLPAPI.DLL
0x00007ffb40db0000 - 0x00007ffb40db8000 	C:\Windows\System32\NSI.dll
0x00007ffb38e20000 - 0x00007ffb38e37000 	C:\Windows\SYSTEM32\dhcpcsvc6.DLL
0x00007ffb38b90000 - 0x00007ffb38bad000 	C:\Windows\SYSTEM32\dhcpcsvc.DLL
0x00007ffb3eb40000 - 0x00007ffb3ec0a000 	C:\Windows\SYSTEM32\DNSAPI.dll

dbghelp: loaded successfully - version: 4.0.5 - missing functions: none
symbol engine: initialized successfully - sym options: 0x614 - pdb path: .;C:\Program Files\Java\jdk-11.0.16\bin;C:\Windows\SYSTEM32;C:\Windows\WinSxS\amd64_microsoft.windows.common-controls_6595b64144ccf1df_6.0.19041.1110_none_60b5254171f9507e;C:\Program Files\Java\jdk-11.0.16\bin\server;C:\Users\Games\.gradle\native\30\windows-amd64

VM Arguments:
jvm_args: --add-opens=java.base/java.util=ALL-UNNAMED --add-opens=java.base/java.lang=ALL-UNNAMED --add-opens=java.base/java.lang.invoke=ALL-UNNAMED --add-opens=java.prefs/java.util.prefs=ALL-UNNAMED -XX:MaxMetaspaceSize=256m -XX:+HeapDumpOnOutOfMemoryError -Xms256m -Xmx512m -Dfile.encoding=windows-1252 -Duser.country=US -Duser.language=en -Duser.variant 
java_command: org.gradle.launcher.daemon.bootstrap.GradleDaemon 6.0.1
java_class_path (initial): C:\Users\Games\.gradle\wrapper\dists\gradle-6.0.1-bin\1lxlpkiy24sb18odw96cp4ojv\gradle-6.0.1\lib\gradle-launcher-6.0.1.jar
Launcher Type: SUN_STANDARD

[Global flags]
     intx CICompilerCount                          = 4                                         {product} {ergonomic}
   size_t CompressedClassSpaceSize                 = 260046848                                 {product} {ergonomic}
     uint ConcGCThreads                            = 2                                         {product} {ergonomic}
     uint G1ConcRefinementThreads                  = 8                                         {product} {ergonomic}
   size_t G1HeapRegionSize                         = 1048576                                   {product} {ergonomic}
    uintx GCDrainStackTargetSize                   = 64                                        {product} {ergonomic}
     bool HeapDumpOnOutOfMemoryError               = true                                   {manageable} {command line}
   size_t InitialHeapSize                          = 268435456                                 {product} {command line}
   size_t MarkStackSize                            = 4194304                                   {product} {ergonomic}
   size_t MaxHeapSize                              = 536870912                                 {product} {command line}
   size_t MaxMetaspaceSize                         = 268435456                                 {product} {command line}
   size_t MaxNewSize                               = 321912832                                 {product} {ergonomic}
   size_t MinHeapDeltaBytes                        = 1048576                                   {product} {ergonomic}
    uintx NonNMethodCodeHeapSize                   = 5836300                                {pd product} {ergonomic}
    uintx NonProfiledCodeHeapSize                  = 122910970                              {pd product} {ergonomic}
    uintx ProfiledCodeHeapSize                     = 122910970                              {pd product} {ergonomic}
    uintx ReservedCodeCacheSize                    = 251658240                              {pd product} {ergonomic}
     bool SegmentedCodeCache                       = true                                      {product} {ergonomic}
     bool UseCompressedClassPointers               = true                                 {lp64_product} {ergonomic}
     bool UseCompressedOops                        = true                                 {lp64_product} {ergonomic}
     bool UseG1GC                                  = true                                      {product} {ergonomic}
     bool UseLargePagesIndividualAllocation        = false                                  {pd product} {ergonomic}

Logging:
Log output configuration:
 #0: stdout all=warning uptime,level,tags
 #1: stderr all=off uptime,level,tags

Environment Variables:
JAVA_HOME=C:\Program Files\Java\jdk-11.0.16
PATH=C:\Program Files (x86)\Intel\iCLS Client\;C:\Program Files\Intel\iCLS Client\;C:\Windows\system32;C:\Windows;C:\Windows\System32\Wbem;C:\Windows\System32\WindowsPowerShell\v1.0\;C:\Program Files\Intel\Intel(R) Management Engine Components\DAL;C:\Program Files\Intel\Intel(R) Management Engine Components\IPT;C:\Program Files (x86)\Intel\Intel(R) Management Engine Components\DAL;C:\Program Files (x86)\Intel\Intel(R) Management Engine Components\IPT;C:\Program Files (x86)\Intel\OpenCL SDK\2.0\bin\x86;C:\Program Files (x86)\Intel\OpenCL SDK\2.0\bin\x64;C:\Program Files (x86)\QuickTime\QTSystem\;c:\adb;C:\Windows\system32;C:\Windows;C:\Windows\System32\Wbem;C:\Windows\System32\WindowsPowerShell\v1.0\;C:\Windows\System32\OpenSSH\;C:\Program Files\NVIDIA Corporation\NVIDIA NvDLISR;C:\Program Files (x86)\NVIDIA Corporation\PhysX\Common;C:\Program Files\nodejs\;C:\Program Files\Java\jdk-11.0.16\bin;C:\Users\Games\AppData\Local\Microsoft\WindowsApps;C:\Users\Games\AppData\Local\Programs\Microsoft VS Code\bin;C:\Users\Games\AppData\Local\Programs\Git\cmd;C:\Users\Games\AppData\Roaming\npm
USERNAME=Games
OS=Windows_NT
PROCESSOR_IDENTIFIER=Intel64 Family 6 Model 58 Stepping 9, GenuineIntel



---------------  S Y S T E M  ---------------

OS: Windows 10 , 64 bit Build 19041 (10.0.19041.2251)

CPU:total 8 (initial active 8) (4 cores per cpu, 2 threads per core) family 6 model 58 stepping 9 microcode 0x21, cmov, cx8, fxsr, mmx, sse, sse2, sse3, ssse3, sse4.1, sse4.2, popcnt, avx, aes, clmul, erms, ht, tsc, tscinvbit, tscinv

Memory: 4k page, system-wide physical 16279M (7182M free)
TotalPageFile size 20375M (AvailPageFile size 177M)
current process WorkingSet (physical memory assigned to process): 348M, peak: 359M
current process commit charge ("private bytes"): 474M, peak: 486M

vm_info: Java HotSpot(TM) 64-Bit Server VM (11.0.16+11-LTS-199) for windows-amd64 JRE (11.0.16+11-LTS-199), built on Jun 28 2022 08:23:17 by "mach5one" with MS VC++ 15.9 (VS2017)

END.
